{"logTime": "1102/152135", "correlationVector":"KOtINNVK2LOBiLJe9Zn50k.200","action":"GetUpdates", "result":"DeleteReceived", "context":{"id":"1b691474-7f7c-4d3a-a9dd-26a6ef87344d", "isDeleted:":"true", "version":"1698040244680"}}
{"logTime": "1102/152135", "correlationVector":"KOtINNVK2LOBiLJe9Zn50k.201","action":"GetUpdates", "result":"DeleteReceived", "context":{"id":"e4375f49-7bfa-4d5e-ab31-a906bf0ea3f6", "isDeleted:":"true", "version":"1698040244681"}}
{"logTime": "1102/152135", "correlationVector":"KOtINNVK2LOBiLJe9Zn50k.202","action":"GetUpdates", "result":"DeleteReceived", "context":{"id":"ac58a658-e890-4b6c-800d-04930363532b", "isDeleted:":"true", "version":"1698040244682"}}
{"logTime": "1102/152135", "correlationVector":"KOtINNVK2LOBiLJe9Zn50k.203","action":"GetUpdates", "result":"DeleteReceived", "context":{"id":"b9280715-e6c1-40e1-acc4-8fc8626a9272", "isDeleted:":"true", "version":"1698040244683"}}
{"logTime": "1102/152135", "correlationVector":"KOtINNVK2LOBiLJe9Zn50k.204","action":"GetUpdates", "result":"DeleteReceived", "context":{"id":"6a85dd98-ceb2-404d-b596-c156be4c8b2f", "isDeleted:":"true", "version":"1698040244684"}}
{"logTime": "1102/152135", "correlationVector":"KOtINNVK2LOBiLJe9Zn50k.205","action":"GetUpdates", "result":"DeleteReceived", "context":{"id":"9d2add7e-c95f-4ad4-9253-20b22bdf0a8c", "isDeleted:":"true", "version":"1698042748163"}}
{"logTime": "1102/152135", "correlationVector":"KOtINNVK2LOBiLJe9Zn50k.206","action":"GetUpdates", "result":"DeleteReceived", "context":{"id":"7a0e3e08-0f04-4043-86f2-b5f1f43a091b", "isDeleted:":"true", "version":"1698045300221"}}
{"logTime": "1102/152135", "correlationVector":"KOtINNVK2LOBiLJe9Zn50k.207","action":"GetUpdates", "result":"DeleteReceived", "context":{"id":"0714465f-3931-494d-bfe5-9ee0cb5e669d", "isDeleted:":"true", "version":"1698045582448"}}
{"logTime": "1102/152135", "correlationVector":"KOtINNVK2LOBiLJe9Zn50k.208","action":"GetUpdates", "result":"DeleteReceived", "context":{"id":"f8fd61e2-4540-436d-879d-e80d216dfd95", "isDeleted:":"true", "version":"1698046273740"}}
{"logTime": "1102/152135", "correlationVector":"KOtINNVK2LOBiLJe9Zn50k.209","action":"GetUpdates", "result":"DeleteReceived", "context":{"id":"026fa028-23aa-4d59-8863-2cf7e599f5b1", "isDeleted:":"true", "version":"1698046273741"}}
{"logTime": "1102/152135", "correlationVector":"KOtINNVK2LOBiLJe9Zn50k.210","action":"GetUpdates", "result":"DeleteReceived", "context":{"id":"c70cf77a-4e1c-4446-a2a6-833e3eddd45d", "isDeleted:":"true", "version":"1698046273742"}}
{"logTime": "1102/152135", "correlationVector":"KOtINNVK2LOBiLJe9Zn50k.211","action":"GetUpdates", "result":"DeleteReceived", "context":{"id":"91bd81fb-7816-40ff-8c6f-c432f7ab61d2", "isDeleted:":"true", "version":"1698046273744"}}
{"logTime": "1102/152135", "correlationVector":"KOtINNVK2LOBiLJe9Zn50k.212","action":"GetUpdates", "result":"DeleteReceived", "context":{"id":"46daf0b5-e168-4203-b01b-c873eb1772cb", "isDeleted:":"true", "version":"1698046273745"}}
{"logTime": "1102/152135", "correlationVector":"KOtINNVK2LOBiLJe9Zn50k.213","action":"GetUpdates", "result":"DeleteReceived", "context":{"id":"026ab249-24d7-4b37-bf1a-d5600fc73df6", "isDeleted:":"true", "version":"1698046273746"}}
{"logTime": "1102/152135", "correlationVector":"KOtINNVK2LOBiLJe9Zn50k.214","action":"GetUpdates", "result":"DeleteReceived", "context":{"id":"d1e6e870-0968-48e4-bd0b-24a4ac50c641", "isDeleted:":"true", "version":"1698046273747"}}
{"logTime": "1102/152135", "correlationVector":"KOtINNVK2LOBiLJe9Zn50k.215","action":"GetUpdates", "result":"DeleteReceived", "context":{"id":"c12761ce-16dc-4e36-a937-af6fa7a5d2cd", "isDeleted:":"true", "version":"1698051945120"}}
{"logTime": "1102/152135", "correlationVector":"KOtINNVK2LOBiLJe9Zn50k.216","action":"GetUpdates", "result":"DeleteReceived", "context":{"id":"591d586b-afca-444d-930f-ed3add5fa0dc", "isDeleted:":"true", "version":"1698061897767"}}
{"logTime": "1102/152135", "correlationVector":"KOtINNVK2LOBiLJe9Zn50k.217","action":"GetUpdates", "result":"DeleteReceived", "context":{"id":"2e4c185e-8950-4b23-8571-fe94a92e8c5b", "isDeleted:":"true", "version":"1698061897768"}}
{"logTime": "1102/152135", "correlationVector":"KOtINNVK2LOBiLJe9Zn50k.218","action":"GetUpdates", "result":"DeleteReceived", "context":{"id":"474433f8-37dc-4bae-9366-8b75c5231294", "isDeleted:":"true", "version":"1698061897770"}}
{"logTime": "1102/152135", "correlationVector":"KOtINNVK2LOBiLJe9Zn50k.219","action":"GetUpdates", "result":"DeleteReceived", "context":{"id":"0fbfb42a-6cc3-4c4f-9550-afd88d399252", "isDeleted:":"true", "version":"1698062744593"}}
{"logTime": "1102/152135", "correlationVector":"KOtINNVK2LOBiLJe9Zn50k.220","action":"GetUpdates", "result":"DeleteReceived", "context":{"id":"903a6c40-8347-426d-b431-14442a6bbca7", "isDeleted:":"true", "version":"1698067779043"}}
{"logTime": "1102/152135", "correlationVector":"KOtINNVK2LOBiLJe9Zn50k.221","action":"GetUpdates", "result":"DeleteReceived", "context":{"id":"5663824d-d044-4936-afee-e725394d5a81", "isDeleted:":"true", "version":"1698073882882"}}
{"logTime": "1102/152135", "correlationVector":"KOtINNVK2LOBiLJe9Zn50k.222","action":"GetUpdates", "result":"DeleteReceived", "context":{"id":"8424bea3-e43c-4010-8999-a6046e2c3f96", "isDeleted:":"true", "version":"1698105278321"}}
{"logTime": "1102/152135", "correlationVector":"KOtINNVK2LOBiLJe9Zn50k.223","action":"GetUpdates Response", "result":"SERVER_MORE_TO_DOWNLOAD", "context":Received 250 update(s).  Some updates remain.}
{"logTime": "1102/152135", "correlationVector":"s9r3KMvERYiWF85wAzp1Rs","action":"Initial GetUpdates", "result":"", "context":Reason: RECONFIGURATION. cV=s9r3KMvERYiWF85wAzp1Rs}
{"logTime": "1102/152136", "correlationVector":"s9r3KMvERYiWF85wAzp1Rs.1","action":"SyncServerConnectionManagerRequest", "result":"SYNC_SERVER_OK", "context":{"environment":"Prod_SoutheastAsia_000j", "migrationStage":"NotStarted", "server":"GENERAL0100001L"}}
{"logTime": "1102/152137", "correlationVector":"s9r3KMvERYiWF85wAzp1Rs.2","action":"GetUpdates", "result":"DeleteReceived", "context":{"id":"c81debd7-27a9-4b1c-b88f-96f722dd0376", "isDeleted:":"true", "version":"1698105278322"}}
{"logTime": "1102/152137", "correlationVector":"s9r3KMvERYiWF85wAzp1Rs.3","action":"GetUpdates", "result":"DeleteReceived", "context":{"id":"39e847c0-65bd-467a-9ece-e4e271e23718", "isDeleted:":"true", "version":"1698105278323"}}
{"logTime": "1102/152137", "correlationVector":"s9r3KMvERYiWF85wAzp1Rs.4","action":"GetUpdates", "result":"DeleteReceived", "context":{"id":"c3624280-a4f5-43c7-b05e-aa413b08c19c", "isDeleted:":"true", "version":"1698105278325"}}
{"logTime": "1102/152137", "correlationVector":"s9r3KMvERYiWF85wAzp1Rs.5","action":"GetUpdates", "result":"DeleteReceived", "context":{"id":"1aea04e2-6d2b-4527-9e83-1b69e6f37e08", "isDeleted:":"true", "version":"1698105278326"}}
{"logTime": "1102/152137", "correlationVector":"s9r3KMvERYiWF85wAzp1Rs.6","action":"GetUpdates", "result":"DeleteReceived", "context":{"id":"34988b3f-730c-4175-b1b3-473947a77082", "isDeleted:":"true", "version":"1698105278327"}}
{"logTime": "1102/152137", "correlationVector":"s9r3KMvERYiWF85wAzp1Rs.7","action":"GetUpdates", "result":"DeleteReceived", "context":{"id":"c408ea88-9f1c-4045-a1d9-8b3819fd7cd8", "isDeleted:":"true", "version":"1698105347881"}}
{"logTime": "1102/152137", "correlationVector":"s9r3KMvERYiWF85wAzp1Rs.8","action":"GetUpdates", "result":"DeleteReceived", "context":{"id":"e22b4cad-8bbc-4c47-aef7-e5eed9931223", "isDeleted:":"true", "version":"1698105485289"}}
{"logTime": "1102/152137", "correlationVector":"s9r3KMvERYiWF85wAzp1Rs.9","action":"GetUpdates", "result":"DeleteReceived", "context":{"id":"f9517fc1-55ec-4131-99ad-e3a99a0fb18f", "isDeleted:":"true", "version":"1698109425641"}}
{"logTime": "1102/152137", "correlationVector":"s9r3KMvERYiWF85wAzp1Rs.10","action":"GetUpdates", "result":"DeleteReceived", "context":{"id":"1fd178f0-1c59-40a7-bd30-f935952d4332", "isDeleted:":"true", "version":"1698109435870"}}
{"logTime": "1102/152137", "correlationVector":"s9r3KMvERYiWF85wAzp1Rs.11","action":"GetUpdates", "result":"DeleteReceived", "context":{"id":"c6bcaf3f-5d90-470c-93be-8e1d38867335", "isDeleted:":"true", "version":"1698109435873"}}
{"logTime": "1102/152137", "correlationVector":"s9r3KMvERYiWF85wAzp1Rs.12","action":"GetUpdates", "result":"DeleteReceived", "context":{"id":"2adc4f22-ec21-4008-9a1a-a086afbc1488", "isDeleted:":"true", "version":"1698109435874"}}
{"logTime": "1102/152137", "correlationVector":"s9r3KMvERYiWF85wAzp1Rs.13","action":"GetUpdates", "result":"DeleteReceived", "context":{"id":"1ad6a53a-6084-4436-a60b-4d5e755bb586", "isDeleted:":"true", "version":"1698110202832"}}
{"logTime": "1102/152137", "correlationVector":"s9r3KMvERYiWF85wAzp1Rs.14","action":"GetUpdates", "result":"DeleteReceived", "context":{"id":"d2719d64-fa57-419c-b71f-6006676b89fd", "isDeleted:":"true", "version":"1698114151106"}}
{"logTime": "1102/152137", "correlationVector":"s9r3KMvERYiWF85wAzp1Rs.15","action":"GetUpdates", "result":"DeleteReceived", "context":{"id":"59d121a2-cc5a-4a8b-9769-067e533dcfb1", "isDeleted:":"true", "version":"1698114151108"}}
{"logTime": "1102/152137", "correlationVector":"s9r3KMvERYiWF85wAzp1Rs.16","action":"GetUpdates", "result":"DeleteReceived", "context":{"id":"a0f770bb-6b71-486d-b756-434de6583fee", "isDeleted:":"true", "version":"1698114151110"}}
{"logTime": "1102/152137", "correlationVector":"s9r3KMvERYiWF85wAzp1Rs.17","action":"GetUpdates", "result":"DeleteReceived", "context":{"id":"d65285ff-29c3-48de-9b3f-077b8ed99302", "isDeleted:":"true", "version":"1698114151111"}}
{"logTime": "1102/152137", "correlationVector":"s9r3KMvERYiWF85wAzp1Rs.18","action":"GetUpdates", "result":"DeleteReceived", "context":{"id":"211abea1-4670-4665-a5c2-db47beb068a8", "isDeleted:":"true", "version":"1698116317465"}}
{"logTime": "1102/152137", "correlationVector":"s9r3KMvERYiWF85wAzp1Rs.19","action":"GetUpdates", "result":"DeleteReceived", "context":{"id":"28a14636-df4a-4652-9190-25b99b69b891", "isDeleted:":"true", "version":"1698125279282"}}
{"logTime": "1102/152137", "correlationVector":"s9r3KMvERYiWF85wAzp1Rs.20","action":"GetUpdates", "result":"DeleteReceived", "context":{"id":"2ff0e2ef-2d39-4692-99c1-bb6b64d4e877", "isDeleted:":"true", "version":"1698132441644"}}
{"logTime": "1102/152137", "correlationVector":"s9r3KMvERYiWF85wAzp1Rs.21","action":"GetUpdates", "result":"DeleteReceived", "context":{"id":"e766af95-f349-4cc1-ab7e-5f7c30839afc", "isDeleted:":"true", "version":"1698132441645"}}
{"logTime": "1102/152137", "correlationVector":"s9r3KMvERYiWF85wAzp1Rs.22","action":"GetUpdates", "result":"DeleteReceived", "context":{"id":"8ac72813-7443-4db5-b350-36e403995b2d", "isDeleted:":"true", "version":"1698132441647"}}
{"logTime": "1102/152137", "correlationVector":"s9r3KMvERYiWF85wAzp1Rs.23","action":"GetUpdates", "result":"DeleteReceived", "context":{"id":"4151cb6b-de17-45c6-bfc0-13b2adb59c7a", "isDeleted:":"true", "version":"1698132441648"}}
{"logTime": "1102/152137", "correlationVector":"s9r3KMvERYiWF85wAzp1Rs.24","action":"GetUpdates", "result":"DeleteReceived", "context":{"id":"50ac187e-3c08-4fb5-9de3-f2b55cfdfc77", "isDeleted:":"true", "version":"1698132740146"}}
{"logTime": "1102/152137", "correlationVector":"s9r3KMvERYiWF85wAzp1Rs.25","action":"GetUpdates", "result":"DeleteReceived", "context":{"id":"de56a013-5007-449f-a5a6-4bbd8ad02a96", "isDeleted:":"true", "version":"1698138693131"}}
{"logTime": "1102/152137", "correlationVector":"s9r3KMvERYiWF85wAzp1Rs.26","action":"GetUpdates", "result":"DeleteReceived", "context":{"id":"aca2744f-5329-4eae-a734-9a1ef20e4aab", "isDeleted:":"true", "version":"1698143034130"}}
{"logTime": "1102/152137", "correlationVector":"s9r3KMvERYiWF85wAzp1Rs.27","action":"GetUpdates", "result":"DeleteReceived", "context":{"id":"edee8b3a-d0b3-4cd2-8835-06901d256bcd", "isDeleted:":"true", "version":"1698145407209"}}
{"logTime": "1102/152137", "correlationVector":"s9r3KMvERYiWF85wAzp1Rs.28","action":"GetUpdates", "result":"DeleteReceived", "context":{"id":"c1b99f2c-a9de-4662-b072-78c3591125bc", "isDeleted:":"true", "version":"1698149514708"}}
{"logTime": "1102/152137", "correlationVector":"s9r3KMvERYiWF85wAzp1Rs.29","action":"GetUpdates", "result":"DeleteReceived", "context":{"id":"d126ca59-b066-46ff-b7a6-9f6c5f14e586", "isDeleted:":"true", "version":"1698150244743"}}
{"logTime": "1102/152137", "correlationVector":"s9r3KMvERYiWF85wAzp1Rs.30","action":"GetUpdates", "result":"DeleteReceived", "context":{"id":"d400a377-9016-4687-a7e3-0381946018e9", "isDeleted:":"true", "version":"1698150623235"}}
{"logTime": "1102/152137", "correlationVector":"s9r3KMvERYiWF85wAzp1Rs.31","action":"GetUpdates", "result":"DeleteReceived", "context":{"id":"948c733c-ba02-41bf-94da-9c3aa18c0c37", "isDeleted:":"true", "version":"1698151469960"}}
{"logTime": "1102/152137", "correlationVector":"s9r3KMvERYiWF85wAzp1Rs.32","action":"GetUpdates", "result":"DeleteReceived", "context":{"id":"1f453ac8-fb2f-4500-8d34-06afba93b489", "isDeleted:":"true", "version":"1698152078589"}}
{"logTime": "1102/152137", "correlationVector":"s9r3KMvERYiWF85wAzp1Rs.33","action":"GetUpdates", "result":"DeleteReceived", "context":{"id":"dca47fbc-411f-4398-b0a6-a056853e9ba4", "isDeleted:":"true", "version":"1698195042118"}}
{"logTime": "1102/152137", "correlationVector":"s9r3KMvERYiWF85wAzp1Rs.34","action":"GetUpdates", "result":"DeleteReceived", "context":{"id":"c874de13-7a1c-4140-8acf-29eed73a2947", "isDeleted:":"true", "version":"1698195042120"}}
{"logTime": "1102/152137", "correlationVector":"s9r3KMvERYiWF85wAzp1Rs.35","action":"GetUpdates", "result":"DeleteReceived", "context":{"id":"bfb2b030-2e5d-4bdb-94d4-d94722b83114", "isDeleted:":"true", "version":"1698195042123"}}
{"logTime": "1102/152137", "correlationVector":"s9r3KMvERYiWF85wAzp1Rs.36","action":"GetUpdates", "result":"DeleteReceived", "context":{"id":"10e785dd-35c4-43dc-93ac-9543ffa04b13", "isDeleted:":"true", "version":"1698195042124"}}
{"logTime": "1102/152137", "correlationVector":"s9r3KMvERYiWF85wAzp1Rs.37","action":"GetUpdates", "result":"DeleteReceived", "context":{"id":"0d6efcdd-f3a0-4609-9cc4-fdef44d09d2d", "isDeleted:":"true", "version":"1698195042125"}}
{"logTime": "1102/152137", "correlationVector":"s9r3KMvERYiWF85wAzp1Rs.38","action":"GetUpdates", "result":"DeleteReceived", "context":{"id":"e2d5eac9-aab0-4dcc-8769-4f2f909fcad7", "isDeleted:":"true", "version":"1698195042126"}}
{"logTime": "1102/152137", "correlationVector":"s9r3KMvERYiWF85wAzp1Rs.39","action":"GetUpdates", "result":"DeleteReceived", "context":{"id":"d8dac80a-ab0c-461d-9a84-16d57c05dba8", "isDeleted:":"true", "version":"1698199280227"}}
{"logTime": "1102/152137", "correlationVector":"s9r3KMvERYiWF85wAzp1Rs.40","action":"GetUpdates", "result":"DeleteReceived", "context":{"id":"d6e32504-26f0-49a8-97d3-491cbf12ebaf", "isDeleted:":"true", "version":"1698204920582"}}
{"logTime": "1102/152137", "correlationVector":"s9r3KMvERYiWF85wAzp1Rs.41","action":"GetUpdates", "result":"DeleteReceived", "context":{"id":"77450424-ff4b-4d45-a3b5-1e35f41e8ed4", "isDeleted:":"true", "version":"1698204920583"}}
{"logTime": "1102/152137", "correlationVector":"s9r3KMvERYiWF85wAzp1Rs.42","action":"GetUpdates", "result":"DeleteReceived", "context":{"id":"2ab38c55-61f4-4b2e-ae33-e1146adc8326", "isDeleted:":"true", "version":"1698204920584"}}
{"logTime": "1102/152137", "correlationVector":"s9r3KMvERYiWF85wAzp1Rs.43","action":"GetUpdates", "result":"DeleteReceived", "context":{"id":"40cdefac-9892-4eec-8fc5-a6d9cd7382bb", "isDeleted:":"true", "version":"1698205891513"}}
{"logTime": "1102/152137", "correlationVector":"s9r3KMvERYiWF85wAzp1Rs.44","action":"GetUpdates", "result":"DeleteReceived", "context":{"id":"1aac4c99-597f-4f14-a503-974e69204ae4", "isDeleted:":"true", "version":"1698206586514"}}
{"logTime": "1102/152137", "correlationVector":"s9r3KMvERYiWF85wAzp1Rs.45","action":"GetUpdates", "result":"DeleteReceived", "context":{"id":"307ee4c3-0baa-401c-b1b7-de4226dfbbbc", "isDeleted:":"true", "version":"1698207265512"}}
{"logTime": "1102/152137", "correlationVector":"s9r3KMvERYiWF85wAzp1Rs.46","action":"GetUpdates", "result":"DeleteReceived", "context":{"id":"c4e4e23b-5fe5-451b-8e50-159d5847d9cb", "isDeleted:":"true", "version":"1698207265513"}}
{"logTime": "1102/152137", "correlationVector":"s9r3KMvERYiWF85wAzp1Rs.47","action":"GetUpdates", "result":"DeleteReceived", "context":{"id":"f762cb77-2500-45f6-b68d-f1d50702bbcf", "isDeleted:":"true", "version":"1698207265514"}}
{"logTime": "1102/152137", "correlationVector":"s9r3KMvERYiWF85wAzp1Rs.48","action":"GetUpdates", "result":"DeleteReceived", "context":{"id":"fb86f16c-285e-47d7-9a6b-27ff4fdd0d0f", "isDeleted:":"true", "version":"1698207265515"}}
{"logTime": "1102/152137", "correlationVector":"s9r3KMvERYiWF85wAzp1Rs.49","action":"GetUpdates", "result":"DeleteReceived", "context":{"id":"70a53ab2-cf2f-417e-8125-f8f992fbe561", "isDeleted:":"true", "version":"1698207265517"}}
{"logTime": "1102/152137", "correlationVector":"s9r3KMvERYiWF85wAzp1Rs.50","action":"GetUpdates", "result":"DeleteReceived", "context":{"id":"ec2e7884-3c19-44b4-b7bc-29e0269b6061", "isDeleted:":"true", "version":"1698207265518"}}
{"logTime": "1102/152137", "correlationVector":"s9r3KMvERYiWF85wAzp1Rs.51","action":"GetUpdates", "result":"DeleteReceived", "context":{"id":"88609fd6-2dc3-4a52-86f2-79d8d48935a2", "isDeleted:":"true", "version":"1698207265520"}}
{"logTime": "1102/152137", "correlationVector":"s9r3KMvERYiWF85wAzp1Rs.52","action":"GetUpdates", "result":"DeleteReceived", "context":{"id":"12a2313e-63a2-4b33-a388-551f0d0721b3", "isDeleted:":"true", "version":"1698207554993"}}
{"logTime": "1102/152137", "correlationVector":"s9r3KMvERYiWF85wAzp1Rs.53","action":"GetUpdates", "result":"DeleteReceived", "context":{"id":"9e0901e9-35b4-4b19-9184-bb18bcc88e71", "isDeleted:":"true", "version":"1698280178289"}}
{"logTime": "1102/152137", "correlationVector":"s9r3KMvERYiWF85wAzp1Rs.54","action":"GetUpdates", "result":"DeleteReceived", "context":{"id":"f325eceb-78eb-4555-b734-d548e985945c", "isDeleted:":"true", "version":"1698280178290"}}
{"logTime": "1102/152137", "correlationVector":"s9r3KMvERYiWF85wAzp1Rs.55","action":"GetUpdates", "result":"DeleteReceived", "context":{"id":"3dfd05f0-a9c9-48cc-93ac-42a23aae7aaa", "isDeleted:":"true", "version":"1698280178291"}}
{"logTime": "1102/152137", "correlationVector":"s9r3KMvERYiWF85wAzp1Rs.56","action":"GetUpdates", "result":"DeleteReceived", "context":{"id":"b3c039df-4127-46aa-b2d2-d9dea2b4e129", "isDeleted:":"true", "version":"1698280178293"}}
{"logTime": "1102/152137", "correlationVector":"s9r3KMvERYiWF85wAzp1Rs.57","action":"GetUpdates", "result":"DeleteReceived", "context":{"id":"aca42e55-74aa-49a8-a873-997aa6f4e1d2", "isDeleted:":"true", "version":"1698280178294"}}
{"logTime": "1102/152137", "correlationVector":"s9r3KMvERYiWF85wAzp1Rs.58","action":"GetUpdates", "result":"DeleteReceived", "context":{"id":"365f901c-4594-4c69-ae5d-387534287f37", "isDeleted:":"true", "version":"1698306113994"}}
{"logTime": "1102/152137", "correlationVector":"s9r3KMvERYiWF85wAzp1Rs.59","action":"GetUpdates", "result":"DeleteReceived", "context":{"id":"97631f5c-3d88-48dd-b6d6-48fb8415c4e4", "isDeleted:":"true", "version":"1698306113997"}}
{"logTime": "1102/152137", "correlationVector":"s9r3KMvERYiWF85wAzp1Rs.60","action":"GetUpdates", "result":"DeleteReceived", "context":{"id":"8904f569-8d2f-4058-8f07-f4d4ba385c4f", "isDeleted:":"true", "version":"1698307410757"}}
{"logTime": "1102/152137", "correlationVector":"s9r3KMvERYiWF85wAzp1Rs.61","action":"GetUpdates", "result":"DeleteReceived", "context":{"id":"df1cb8f8-9edd-4b46-b1be-c340b4141b32", "isDeleted:":"true", "version":"1698307687062"}}
{"logTime": "1102/152137", "correlationVector":"s9r3KMvERYiWF85wAzp1Rs.62","action":"GetUpdates", "result":"DeleteReceived", "context":{"id":"ce69fc6d-4ece-479c-8e26-857c9481e1d7", "isDeleted:":"true", "version":"1698307687063"}}
{"logTime": "1102/152137", "correlationVector":"s9r3KMvERYiWF85wAzp1Rs.63","action":"GetUpdates", "result":"DeleteReceived", "context":{"id":"4960b940-af7e-4a8d-bdd6-ed50abe221e1", "isDeleted:":"true", "version":"1698307687064"}}
{"logTime": "1102/152137", "correlationVector":"s9r3KMvERYiWF85wAzp1Rs.64","action":"GetUpdates", "result":"DeleteReceived", "context":{"id":"963ed399-26c2-4fcc-8efe-27e6f5ddcf7f", "isDeleted:":"true", "version":"1698307687065"}}
{"logTime": "1102/152137", "correlationVector":"s9r3KMvERYiWF85wAzp1Rs.65","action":"GetUpdates", "result":"DeleteReceived", "context":{"id":"aa933376-1f17-4a1f-aceb-3965897fdfa2", "isDeleted:":"true", "version":"1698307687066"}}
{"logTime": "1102/152137", "correlationVector":"s9r3KMvERYiWF85wAzp1Rs.66","action":"GetUpdates", "result":"DeleteReceived", "context":{"id":"b74b6523-7f1b-4cc6-899d-0def4336bc93", "isDeleted:":"true", "version":"1698307687067"}}
{"logTime": "1102/152137", "correlationVector":"s9r3KMvERYiWF85wAzp1Rs.67","action":"GetUpdates", "result":"DeleteReceived", "context":{"id":"df65b8fb-401e-4ea2-9a0b-f18982daa914", "isDeleted:":"true", "version":"1698307687068"}}
{"logTime": "1102/152137", "correlationVector":"s9r3KMvERYiWF85wAzp1Rs.68","action":"GetUpdates", "result":"DeleteReceived", "context":{"id":"8e1371ad-1e3e-4e45-849c-de374ae2e004", "isDeleted:":"true", "version":"1698307687071"}}
{"logTime": "1102/152137", "correlationVector":"s9r3KMvERYiWF85wAzp1Rs.69","action":"GetUpdates", "result":"DeleteReceived", "context":{"id":"fe15b77a-2a56-4a21-9c11-158d61a24504", "isDeleted:":"true", "version":"1698307687072"}}
{"logTime": "1102/152137", "correlationVector":"s9r3KMvERYiWF85wAzp1Rs.70","action":"GetUpdates", "result":"DeleteReceived", "context":{"id":"2b867d1c-cdae-4503-a622-950fb1dde49d", "isDeleted:":"true", "version":"1698307687073"}}
{"logTime": "1102/152137", "correlationVector":"s9r3KMvERYiWF85wAzp1Rs.71","action":"GetUpdates", "result":"DeleteReceived", "context":{"id":"2dd57cbd-f342-4a7a-a0c9-dd44590e08aa", "isDeleted:":"true", "version":"1698307687074"}}
{"logTime": "1102/152137", "correlationVector":"s9r3KMvERYiWF85wAzp1Rs.72","action":"GetUpdates", "result":"DeleteReceived", "context":{"id":"33b67cc5-0085-4218-84e3-ee58b37b66ef", "isDeleted:":"true", "version":"1698308553779"}}
{"logTime": "1102/152137", "correlationVector":"s9r3KMvERYiWF85wAzp1Rs.73","action":"GetUpdates", "result":"DeleteReceived", "context":{"id":"3b1e4635-99c7-458a-a7c7-2468f90d1ae9", "isDeleted:":"true", "version":"1698308733542"}}
{"logTime": "1102/152137", "correlationVector":"s9r3KMvERYiWF85wAzp1Rs.74","action":"GetUpdates", "result":"DeleteReceived", "context":{"id":"7b928229-aa0e-4603-b00c-fdd4fce4982b", "isDeleted:":"true", "version":"1698308733544"}}
{"logTime": "1102/152137", "correlationVector":"s9r3KMvERYiWF85wAzp1Rs.75","action":"GetUpdates", "result":"DeleteReceived", "context":{"id":"91ed61e6-0010-4f89-8681-58fa7f479be3", "isDeleted:":"true", "version":"1698312286118"}}
{"logTime": "1102/152137", "correlationVector":"s9r3KMvERYiWF85wAzp1Rs.76","action":"GetUpdates", "result":"DeleteReceived", "context":{"id":"a2e707d0-8588-4841-9246-49a2d95a2495", "isDeleted:":"true", "version":"1698312286119"}}
{"logTime": "1102/152137", "correlationVector":"s9r3KMvERYiWF85wAzp1Rs.77","action":"GetUpdates", "result":"DeleteReceived", "context":{"id":"b3fb1dbf-86bd-4450-bfee-3ff13278cb88", "isDeleted:":"true", "version":"1698312286120"}}
{"logTime": "1102/152137", "correlationVector":"s9r3KMvERYiWF85wAzp1Rs.78","action":"GetUpdates", "result":"DeleteReceived", "context":{"id":"fda90b1b-26f5-4c5c-acec-df09955fdcbb", "isDeleted:":"true", "version":"1698312286122"}}
{"logTime": "1102/152137", "correlationVector":"s9r3KMvERYiWF85wAzp1Rs.79","action":"GetUpdates", "result":"DeleteReceived", "context":{"id":"3cb596cf-ca50-4fc4-b153-cb12ec60080d", "isDeleted:":"true", "version":"1698312286124"}}
{"logTime": "1102/152137", "correlationVector":"s9r3KMvERYiWF85wAzp1Rs.80","action":"GetUpdates", "result":"DeleteReceived", "context":{"id":"da7a5aa0-b1d4-451c-9c5c-68e427b99269", "isDeleted:":"true", "version":"1698312286125"}}
{"logTime": "1102/152137", "correlationVector":"s9r3KMvERYiWF85wAzp1Rs.81","action":"GetUpdates", "result":"DeleteReceived", "context":{"id":"f00ebf65-46ab-4337-8224-efebba9b22b7", "isDeleted:":"true", "version":"1698312286126"}}
{"logTime": "1102/152137", "correlationVector":"s9r3KMvERYiWF85wAzp1Rs.82","action":"GetUpdates", "result":"DeleteReceived", "context":{"id":"e54b6d23-393d-455d-952a-9ac7d08a6da9", "isDeleted:":"true", "version":"1698312286127"}}
{"logTime": "1102/152137", "correlationVector":"s9r3KMvERYiWF85wAzp1Rs.83","action":"GetUpdates", "result":"DeleteReceived", "context":{"id":"1433a61e-0d0c-4b10-8d30-0472e1bab60f", "isDeleted:":"true", "version":"1698312286128"}}
{"logTime": "1102/152137", "correlationVector":"s9r3KMvERYiWF85wAzp1Rs.84","action":"GetUpdates", "result":"DeleteReceived", "context":{"id":"4f213ce1-a857-4655-b34a-8d1a51e7e5ba", "isDeleted:":"true", "version":"1698323191248"}}
{"logTime": "1102/152137", "correlationVector":"s9r3KMvERYiWF85wAzp1Rs.85","action":"GetUpdates", "result":"DeleteReceived", "context":{"id":"52052b19-2532-4538-92c6-803a38289156", "isDeleted:":"true", "version":"1698323191249"}}
{"logTime": "1102/152137", "correlationVector":"s9r3KMvERYiWF85wAzp1Rs.86","action":"GetUpdates", "result":"DeleteReceived", "context":{"id":"0fddd28a-0507-4c4b-acaf-305872b5606a", "isDeleted:":"true", "version":"1698323191251"}}
{"logTime": "1102/152137", "correlationVector":"s9r3KMvERYiWF85wAzp1Rs.87","action":"GetUpdates", "result":"DeleteReceived", "context":{"id":"88afedcf-c297-4ced-83af-aca50e1af098", "isDeleted:":"true", "version":"1698325377570"}}
{"logTime": "1102/152137", "correlationVector":"s9r3KMvERYiWF85wAzp1Rs.88","action":"GetUpdates", "result":"DeleteReceived", "context":{"id":"d71dc0b5-ad12-41b4-ab0c-436ea3128e04", "isDeleted:":"true", "version":"1698325377571"}}
{"logTime": "1102/152137", "correlationVector":"s9r3KMvERYiWF85wAzp1Rs.89","action":"GetUpdates", "result":"DeleteReceived", "context":{"id":"9b0ceee8-bfff-4074-b36f-2d432d73ba71", "isDeleted:":"true", "version":"1698325377572"}}
{"logTime": "1102/152137", "correlationVector":"s9r3KMvERYiWF85wAzp1Rs.90","action":"GetUpdates", "result":"DeleteReceived", "context":{"id":"e7b7aca0-5b3b-4efe-bd1d-a64398123468", "isDeleted:":"true", "version":"1698366370971"}}
{"logTime": "1102/152137", "correlationVector":"s9r3KMvERYiWF85wAzp1Rs.91","action":"GetUpdates", "result":"DeleteReceived", "context":{"id":"e83e215d-ba0b-4577-bafb-ea9b6a27735a", "isDeleted:":"true", "version":"1698367791251"}}
{"logTime": "1102/152137", "correlationVector":"s9r3KMvERYiWF85wAzp1Rs.92","action":"GetUpdates", "result":"DeleteReceived", "context":{"id":"b4aaef41-a3a4-4729-824a-1e00dbb5ea7c", "isDeleted:":"true", "version":"1698368185097"}}
{"logTime": "1102/152137", "correlationVector":"s9r3KMvERYiWF85wAzp1Rs.93","action":"GetUpdates", "result":"DeleteReceived", "context":{"id":"6a47b193-5388-425e-b470-43f5dd201bfb", "isDeleted:":"true", "version":"1698368185100"}}
{"logTime": "1102/152137", "correlationVector":"s9r3KMvERYiWF85wAzp1Rs.94","action":"GetUpdates", "result":"DeleteReceived", "context":{"id":"85c88222-b666-45a7-8f5b-8356f7c08ca0", "isDeleted:":"true", "version":"1698368383118"}}
{"logTime": "1102/152137", "correlationVector":"s9r3KMvERYiWF85wAzp1Rs.95","action":"GetUpdates", "result":"DeleteReceived", "context":{"id":"e0ebd0f7-6746-4957-9776-46e698503d13", "isDeleted:":"true", "version":"1698369658922"}}
{"logTime": "1102/152137", "correlationVector":"s9r3KMvERYiWF85wAzp1Rs.96","action":"GetUpdates", "result":"DeleteReceived", "context":{"id":"cca5b20d-6fa0-4ff2-8ca1-89c1768f9cf9", "isDeleted:":"true", "version":"1698398859014"}}
{"logTime": "1102/152137", "correlationVector":"s9r3KMvERYiWF85wAzp1Rs.97","action":"GetUpdates", "result":"DeleteReceived", "context":{"id":"b2a65144-77d3-478e-a9b5-80d753317b79", "isDeleted:":"true", "version":"1698398859015"}}
{"logTime": "1102/152137", "correlationVector":"s9r3KMvERYiWF85wAzp1Rs.98","action":"GetUpdates", "result":"DeleteReceived", "context":{"id":"f0c46d6d-7cae-4372-9fff-6da967a16636", "isDeleted:":"true", "version":"1698398859016"}}
{"logTime": "1102/152137", "correlationVector":"s9r3KMvERYiWF85wAzp1Rs.99","action":"GetUpdates", "result":"DeleteReceived", "context":{"id":"2def2233-deda-436c-8438-75c26734a491", "isDeleted:":"true", "version":"1698398859018"}}
{"logTime": "1102/152137", "correlationVector":"s9r3KMvERYiWF85wAzp1Rs.100","action":"GetUpdates", "result":"DeleteReceived", "context":{"id":"f9005cca-71eb-4fb9-adbe-f9b5a7189030", "isDeleted:":"true", "version":"1698398859019"}}
{"logTime": "1102/152137", "correlationVector":"s9r3KMvERYiWF85wAzp1Rs.101","action":"GetUpdates", "result":"DeleteReceived", "context":{"id":"e97260f3-9597-4ec1-8fa5-bf5c989df66f", "isDeleted:":"true", "version":"1698398859020"}}
{"logTime": "1102/152137", "correlationVector":"s9r3KMvERYiWF85wAzp1Rs.102","action":"GetUpdates", "result":"DeleteReceived", "context":{"id":"6d1f15f1-deec-4279-8766-98da6787cfe4", "isDeleted:":"true", "version":"1698399462474"}}
{"logTime": "1102/152137", "correlationVector":"s9r3KMvERYiWF85wAzp1Rs.103","action":"GetUpdates", "result":"DeleteReceived", "context":{"id":"a14adfc0-b283-4859-b815-e18e03479221", "isDeleted:":"true", "version":"1698400748542"}}
{"logTime": "1102/152137", "correlationVector":"s9r3KMvERYiWF85wAzp1Rs.104","action":"GetUpdates", "result":"DeleteReceived", "context":{"id":"988bfe1f-2de2-431f-9b80-5e84215d74e6", "isDeleted:":"true", "version":"1698400748545"}}
{"logTime": "1102/152137", "correlationVector":"s9r3KMvERYiWF85wAzp1Rs.105","action":"GetUpdates", "result":"DeleteReceived", "context":{"id":"042289a9-ec70-4d2d-83e0-4394b401e0b6", "isDeleted:":"true", "version":"1698410415054"}}
{"logTime": "1102/152137", "correlationVector":"s9r3KMvERYiWF85wAzp1Rs.106","action":"GetUpdates", "result":"DeleteReceived", "context":{"id":"d0574ea1-350d-4ce7-90f2-3bb64f5128ce", "isDeleted:":"true", "version":"1698410415056"}}
{"logTime": "1102/152137", "correlationVector":"s9r3KMvERYiWF85wAzp1Rs.107","action":"GetUpdates", "result":"DeleteReceived", "context":{"id":"4d2be398-6bf4-4bb0-a24e-bb5f8a997d67", "isDeleted:":"true", "version":"1698410415058"}}
{"logTime": "1102/152137", "correlationVector":"s9r3KMvERYiWF85wAzp1Rs.108","action":"GetUpdates", "result":"DeleteReceived", "context":{"id":"9094ed31-06a7-413d-9f67-de3101edf721", "isDeleted:":"true", "version":"1698410415059"}}
{"logTime": "1102/152137", "correlationVector":"s9r3KMvERYiWF85wAzp1Rs.109","action":"GetUpdates", "result":"DeleteReceived", "context":{"id":"f49219d8-8f2c-4a56-b3be-e9f3e17ed054", "isDeleted:":"true", "version":"1698414012764"}}
{"logTime": "1102/152137", "correlationVector":"s9r3KMvERYiWF85wAzp1Rs.110","action":"GetUpdates", "result":"DeleteReceived", "context":{"id":"882a25b7-67e6-430c-b928-d7fcc92a4840", "isDeleted:":"true", "version":"1698414012766"}}
{"logTime": "1102/152137", "correlationVector":"s9r3KMvERYiWF85wAzp1Rs.111","action":"GetUpdates", "result":"DeleteReceived", "context":{"id":"6d001b06-b786-4163-81b7-63a6ed9a8926", "isDeleted:":"true", "version":"1698414501026"}}
{"logTime": "1102/152137", "correlationVector":"s9r3KMvERYiWF85wAzp1Rs.112","action":"GetUpdates", "result":"DeleteReceived", "context":{"id":"c9eb4f5c-c32d-43f0-b5ac-42e2e45bf509", "isDeleted:":"true", "version":"1698414693786"}}
{"logTime": "1102/152137", "correlationVector":"s9r3KMvERYiWF85wAzp1Rs.113","action":"GetUpdates", "result":"DeleteReceived", "context":{"id":"3f428a7f-c12b-490c-a2de-2246fe5ea136", "isDeleted:":"true", "version":"1698414693789"}}
{"logTime": "1102/152137", "correlationVector":"s9r3KMvERYiWF85wAzp1Rs.114","action":"GetUpdates", "result":"DeleteReceived", "context":{"id":"74063a9b-d305-4ec4-b09b-513a38c8cd2a", "isDeleted:":"true", "version":"1698416567163"}}
{"logTime": "1102/152137", "correlationVector":"s9r3KMvERYiWF85wAzp1Rs.115","action":"GetUpdates", "result":"DeleteReceived", "context":{"id":"5d11815c-ecc8-4868-b3b4-6a962976eeb1", "isDeleted:":"true", "version":"1698475164155"}}
{"logTime": "1102/152137", "correlationVector":"s9r3KMvERYiWF85wAzp1Rs.116","action":"GetUpdates", "result":"DeleteReceived", "context":{"id":"01d29708-6483-438b-a2a5-87312a444695", "isDeleted:":"true", "version":"1698475164157"}}
{"logTime": "1102/152137", "correlationVector":"s9r3KMvERYiWF85wAzp1Rs.117","action":"GetUpdates", "result":"DeleteReceived", "context":{"id":"b48ed044-ff0f-42d8-b3c3-37cb20f93dbe", "isDeleted:":"true", "version":"1698475164159"}}
{"logTime": "1102/152137", "correlationVector":"s9r3KMvERYiWF85wAzp1Rs.118","action":"GetUpdates", "result":"DeleteReceived", "context":{"id":"4e81cd3c-0af7-411e-b0ea-70f359fb6516", "isDeleted:":"true", "version":"1698475164160"}}
{"logTime": "1102/152137", "correlationVector":"s9r3KMvERYiWF85wAzp1Rs.119","action":"GetUpdates", "result":"DeleteReceived", "context":{"id":"85e5c99d-0ef3-48fc-b821-6efcfff248da", "isDeleted:":"true", "version":"1698475164161"}}
{"logTime": "1102/152137", "correlationVector":"s9r3KMvERYiWF85wAzp1Rs.120","action":"GetUpdates", "result":"DeleteReceived", "context":{"id":"5a7b516b-66e0-439f-9c54-fe2378267472", "isDeleted:":"true", "version":"1698475164162"}}
{"logTime": "1102/152137", "correlationVector":"s9r3KMvERYiWF85wAzp1Rs.121","action":"GetUpdates", "result":"DeleteReceived", "context":{"id":"825e8e23-b7b0-4dc7-875e-104712998050", "isDeleted:":"true", "version":"1698475278296"}}
{"logTime": "1102/152137", "correlationVector":"s9r3KMvERYiWF85wAzp1Rs.122","action":"GetUpdates", "result":"DeleteReceived", "context":{"id":"6a11e751-f635-45fc-bb38-6c5989806697", "isDeleted:":"true", "version":"1698475278297"}}
{"logTime": "1102/152137", "correlationVector":"s9r3KMvERYiWF85wAzp1Rs.123","action":"GetUpdates", "result":"DeleteReceived", "context":{"id":"aa85c9a8-0316-48a5-a3cf-4fef5ebc49dd", "isDeleted:":"true", "version":"1698475278299"}}
{"logTime": "1102/152137", "correlationVector":"s9r3KMvERYiWF85wAzp1Rs.124","action":"GetUpdates", "result":"DeleteReceived", "context":{"id":"fee8ff69-1e7f-40f7-ab4c-9a01ce197f9f", "isDeleted:":"true", "version":"1698475311600"}}
{"logTime": "1102/152137", "correlationVector":"s9r3KMvERYiWF85wAzp1Rs.125","action":"GetUpdates", "result":"DeleteReceived", "context":{"id":"8acbedc9-620d-4ee7-b36e-2398b288cefc", "isDeleted:":"true", "version":"1698475616771"}}
{"logTime": "1102/152137", "correlationVector":"s9r3KMvERYiWF85wAzp1Rs.126","action":"GetUpdates", "result":"DeleteReceived", "context":{"id":"b42d0912-6799-4501-8f0a-786112ca9d59", "isDeleted:":"true", "version":"1698482392388"}}
{"logTime": "1102/152137", "correlationVector":"s9r3KMvERYiWF85wAzp1Rs.127","action":"GetUpdates", "result":"DeleteReceived", "context":{"id":"5d9f52ec-7cab-4aea-a591-d8727c3a96eb", "isDeleted:":"true", "version":"1698484247933"}}
{"logTime": "1102/152137", "correlationVector":"s9r3KMvERYiWF85wAzp1Rs.128","action":"GetUpdates", "result":"DeleteReceived", "context":{"id":"0b4234df-b87f-4c90-9417-20c3fb25c7fc", "isDeleted:":"true", "version":"1698484632494"}}
{"logTime": "1102/152137", "correlationVector":"s9r3KMvERYiWF85wAzp1Rs.129","action":"GetUpdates", "result":"DeleteReceived", "context":{"id":"7b085f73-9bb6-4428-8e1d-063e6db99c46", "isDeleted:":"true", "version":"1698485962806"}}
{"logTime": "1102/152137", "correlationVector":"s9r3KMvERYiWF85wAzp1Rs.130","action":"GetUpdates", "result":"DeleteReceived", "context":{"id":"8ab3c1c6-2e23-472e-b480-4ccb2b1820af", "isDeleted:":"true", "version":"1698485962808"}}
{"logTime": "1102/152137", "correlationVector":"s9r3KMvERYiWF85wAzp1Rs.131","action":"GetUpdates", "result":"DeleteReceived", "context":{"id":"988175af-519d-4a8c-94ef-4385a58dd0c3", "isDeleted:":"true", "version":"1698486186058"}}
{"logTime": "1102/152137", "correlationVector":"s9r3KMvERYiWF85wAzp1Rs.132","action":"GetUpdates", "result":"DeleteReceived", "context":{"id":"9026b42c-3ccc-43e4-9c12-0a4957cd946e", "isDeleted:":"true", "version":"1698486186059"}}
{"logTime": "1102/152137", "correlationVector":"s9r3KMvERYiWF85wAzp1Rs.133","action":"GetUpdates", "result":"DeleteReceived", "context":{"id":"f5f52884-2a6f-4273-8a8b-4347b6c4fe13", "isDeleted:":"true", "version":"1698486186062"}}
{"logTime": "1102/152137", "correlationVector":"s9r3KMvERYiWF85wAzp1Rs.134","action":"GetUpdates", "result":"DeleteReceived", "context":{"id":"98f2b460-a370-42ff-9c49-7e0a15f5af66", "isDeleted:":"true", "version":"1698486186063"}}
{"logTime": "1102/152137", "correlationVector":"s9r3KMvERYiWF85wAzp1Rs.135","action":"GetUpdates", "result":"DeleteReceived", "context":{"id":"81ecefc9-c49e-4e43-b934-243e6cff6b5b", "isDeleted:":"true", "version":"1698486186064"}}
{"logTime": "1102/152137", "correlationVector":"s9r3KMvERYiWF85wAzp1Rs.136","action":"GetUpdates", "result":"DeleteReceived", "context":{"id":"7bdfb332-4946-4835-b0ce-0e16ee976d11", "isDeleted:":"true", "version":"1698487055637"}}
{"logTime": "1102/152137", "correlationVector":"s9r3KMvERYiWF85wAzp1Rs.137","action":"GetUpdates", "result":"DeleteReceived", "context":{"id":"6af2d614-d431-405f-8827-fbee8a41d4d5", "isDeleted:":"true", "version":"1698488296565"}}
{"logTime": "1102/152137", "correlationVector":"s9r3KMvERYiWF85wAzp1Rs.138","action":"GetUpdates", "result":"DeleteReceived", "context":{"id":"93361643-05a3-4677-a42c-22e6cc4e673b", "isDeleted:":"true", "version":"1698488342847"}}
{"logTime": "1102/152137", "correlationVector":"s9r3KMvERYiWF85wAzp1Rs.139","action":"GetUpdates", "result":"DeleteReceived", "context":{"id":"5fa81eb7-3a6d-4422-a879-86597c09dc55", "isDeleted:":"true", "version":"1698488449868"}}
{"logTime": "1102/152137", "correlationVector":"s9r3KMvERYiWF85wAzp1Rs.140","action":"GetUpdates", "result":"DeleteReceived", "context":{"id":"11f9c9d1-bd10-44f5-a9ad-f09a987b9e34", "isDeleted:":"true", "version":"1698489949929"}}
{"logTime": "1102/152137", "correlationVector":"s9r3KMvERYiWF85wAzp1Rs.141","action":"GetUpdates", "result":"DeleteReceived", "context":{"id":"1f9ce64b-7dbb-427d-80cd-475c76961dd3", "isDeleted:":"true", "version":"1698490265684"}}
{"logTime": "1102/152137", "correlationVector":"s9r3KMvERYiWF85wAzp1Rs.142","action":"GetUpdates", "result":"DeleteReceived", "context":{"id":"c3e8df84-0762-4259-b1fb-7662b4598050", "isDeleted:":"true", "version":"1698490866998"}}
{"logTime": "1102/152137", "correlationVector":"s9r3KMvERYiWF85wAzp1Rs.143","action":"GetUpdates", "result":"DeleteReceived", "context":{"id":"a6521b04-6e6d-4469-933e-b58c6103276f", "isDeleted:":"true", "version":"1698490867000"}}
{"logTime": "1102/152137", "correlationVector":"s9r3KMvERYiWF85wAzp1Rs.144","action":"GetUpdates", "result":"DeleteReceived", "context":{"id":"299dd33f-2212-4fdc-905a-6000bd4014a1", "isDeleted:":"true", "version":"1698490867003"}}
{"logTime": "1102/152137", "correlationVector":"s9r3KMvERYiWF85wAzp1Rs.145","action":"GetUpdates", "result":"DeleteReceived", "context":{"id":"fdc5f320-b4b4-48f9-9aa2-255ec7fdf067", "isDeleted:":"true", "version":"1698535696571"}}
{"logTime": "1102/152137", "correlationVector":"s9r3KMvERYiWF85wAzp1Rs.146","action":"GetUpdates", "result":"DeleteReceived", "context":{"id":"46fa36e9-adaa-43b2-aa79-0092f0c44fa7", "isDeleted:":"true", "version":"1698535696572"}}
{"logTime": "1102/152137", "correlationVector":"s9r3KMvERYiWF85wAzp1Rs.147","action":"GetUpdates", "result":"DeleteReceived", "context":{"id":"621edcbc-2294-4da7-828c-c1dc4f6aebf3", "isDeleted:":"true", "version":"1698535696574"}}
{"logTime": "1102/152137", "correlationVector":"s9r3KMvERYiWF85wAzp1Rs.148","action":"GetUpdates", "result":"DeleteReceived", "context":{"id":"67f911dc-d537-4c9a-99fe-6a21261fdb1a", "isDeleted:":"true", "version":"1698535696575"}}
{"logTime": "1102/152137", "correlationVector":"s9r3KMvERYiWF85wAzp1Rs.149","action":"GetUpdates", "result":"DeleteReceived", "context":{"id":"08613f9e-f558-4d57-b45d-650740775318", "isDeleted:":"true", "version":"1698535696576"}}
{"logTime": "1102/152137", "correlationVector":"s9r3KMvERYiWF85wAzp1Rs.150","action":"GetUpdates", "result":"DeleteReceived", "context":{"id":"11aa6071-20ca-41e5-88a9-befdaa98efee", "isDeleted:":"true", "version":"1698535730072"}}
{"logTime": "1102/152137", "correlationVector":"s9r3KMvERYiWF85wAzp1Rs.151","action":"GetUpdates", "result":"DeleteReceived", "context":{"id":"395e97f6-5335-4f49-ab17-9c5eadaab014", "isDeleted:":"true", "version":"1698535730073"}}
{"logTime": "1102/152137", "correlationVector":"s9r3KMvERYiWF85wAzp1Rs.152","action":"GetUpdates", "result":"DeleteReceived", "context":{"id":"e7f6e5a4-49b5-421a-bd9e-fedc64c16721", "isDeleted:":"true", "version":"1698581542254"}}
{"logTime": "1102/152137", "correlationVector":"s9r3KMvERYiWF85wAzp1Rs.153","action":"GetUpdates", "result":"DeleteReceived", "context":{"id":"993bedaa-a123-4cb5-8b01-5059e306e02b", "isDeleted:":"true", "version":"1698583827755"}}
{"logTime": "1102/152137", "correlationVector":"s9r3KMvERYiWF85wAzp1Rs.154","action":"GetUpdates", "result":"DeleteReceived", "context":{"id":"20a2d08c-6014-40ad-9ca4-f196f6f8a6c3", "isDeleted:":"true", "version":"1698584599262"}}
{"logTime": "1102/152137", "correlationVector":"s9r3KMvERYiWF85wAzp1Rs.155","action":"GetUpdates", "result":"DeleteReceived", "context":{"id":"df32a81a-014c-41f3-858b-39e2fde911cf", "isDeleted:":"true", "version":"1698585760869"}}
{"logTime": "1102/152137", "correlationVector":"s9r3KMvERYiWF85wAzp1Rs.156","action":"GetUpdates", "result":"DeleteReceived", "context":{"id":"e894a699-d264-44b6-860a-97900c077164", "isDeleted:":"true", "version":"1698586273128"}}
{"logTime": "1102/152137", "correlationVector":"s9r3KMvERYiWF85wAzp1Rs.157","action":"GetUpdates", "result":"DeleteReceived", "context":{"id":"70feb94a-b678-460a-a8f6-b1a60103bb43", "isDeleted:":"true", "version":"1698586685368"}}
{"logTime": "1102/152137", "correlationVector":"s9r3KMvERYiWF85wAzp1Rs.158","action":"GetUpdates", "result":"DeleteReceived", "context":{"id":"9f9837ad-eec1-447c-95ea-926b778d8f8c", "isDeleted:":"true", "version":"1698587196718"}}
{"logTime": "1102/152137", "correlationVector":"s9r3KMvERYiWF85wAzp1Rs.159","action":"GetUpdates", "result":"DeleteReceived", "context":{"id":"c5bcd851-06fb-48fe-8475-64bf62d9f155", "isDeleted:":"true", "version":"1698588333751"}}
{"logTime": "1102/152137", "correlationVector":"s9r3KMvERYiWF85wAzp1Rs.160","action":"GetUpdates", "result":"DeleteReceived", "context":{"id":"5bad3b7f-2e9a-435b-af6c-1f942139763c", "isDeleted:":"true", "version":"1698588333753"}}
{"logTime": "1102/152137", "correlationVector":"s9r3KMvERYiWF85wAzp1Rs.161","action":"GetUpdates", "result":"DeleteReceived", "context":{"id":"f43d9c4b-56f1-49e0-bc26-723fed13bccb", "isDeleted:":"true", "version":"1698591436888"}}
{"logTime": "1102/152137", "correlationVector":"s9r3KMvERYiWF85wAzp1Rs.162","action":"GetUpdates", "result":"DeleteReceived", "context":{"id":"e1d746fb-82e1-41b8-9f3d-be5db161c5f1", "isDeleted:":"true", "version":"1698619762702"}}
{"logTime": "1102/152137", "correlationVector":"s9r3KMvERYiWF85wAzp1Rs.163","action":"GetUpdates", "result":"DeleteReceived", "context":{"id":"7382adfb-abab-414d-89c6-7b9b84d7f78b", "isDeleted:":"true", "version":"1698619762703"}}
{"logTime": "1102/152137", "correlationVector":"s9r3KMvERYiWF85wAzp1Rs.164","action":"GetUpdates", "result":"DeleteReceived", "context":{"id":"f2442161-f488-4804-83d4-77cde9d82c68", "isDeleted:":"true", "version":"1698619762705"}}
{"logTime": "1102/152137", "correlationVector":"s9r3KMvERYiWF85wAzp1Rs.165","action":"GetUpdates", "result":"DeleteReceived", "context":{"id":"802d30d6-92e8-4d5b-90c7-17afdc6d9597", "isDeleted:":"true", "version":"1698619762706"}}
{"logTime": "1102/152137", "correlationVector":"s9r3KMvERYiWF85wAzp1Rs.166","action":"GetUpdates", "result":"DeleteReceived", "context":{"id":"34a3ff2d-af70-4b27-b621-5bd897839ead", "isDeleted:":"true", "version":"1698619762708"}}
{"logTime": "1102/152137", "correlationVector":"s9r3KMvERYiWF85wAzp1Rs.167","action":"GetUpdates", "result":"DeleteReceived", "context":{"id":"a937a4e3-7cfe-4cce-bdf7-21ad4d243e30", "isDeleted:":"true", "version":"1698619762709"}}
{"logTime": "1102/152137", "correlationVector":"s9r3KMvERYiWF85wAzp1Rs.168","action":"GetUpdates", "result":"DeleteReceived", "context":{"id":"e21bd666-b435-42fc-8859-1517e5d6aad9", "isDeleted:":"true", "version":"1698619762710"}}
{"logTime": "1102/152137", "correlationVector":"s9r3KMvERYiWF85wAzp1Rs.169","action":"GetUpdates", "result":"DeleteReceived", "context":{"id":"7d57e38d-c397-40b4-87c6-d82a1f107ff4", "isDeleted:":"true", "version":"1698619762711"}}
{"logTime": "1102/152137", "correlationVector":"s9r3KMvERYiWF85wAzp1Rs.170","action":"GetUpdates", "result":"DeleteReceived", "context":{"id":"244f312b-c3c6-40a9-a5ba-372c87be8d4a", "isDeleted:":"true", "version":"1698619762712"}}
{"logTime": "1102/152137", "correlationVector":"s9r3KMvERYiWF85wAzp1Rs.171","action":"GetUpdates", "result":"DeleteReceived", "context":{"id":"2df8acef-1e3c-46fc-bd06-6fe09acc1774", "isDeleted:":"true", "version":"1698620060601"}}
{"logTime": "1102/152137", "correlationVector":"s9r3KMvERYiWF85wAzp1Rs.172","action":"GetUpdates", "result":"DeleteReceived", "context":{"id":"43bd11bd-7b88-4284-b2d8-809fc91ee49b", "isDeleted:":"true", "version":"1698620060602"}}
{"logTime": "1102/152137", "correlationVector":"s9r3KMvERYiWF85wAzp1Rs.173","action":"GetUpdates", "result":"DeleteReceived", "context":{"id":"ce79d2b9-0e2b-428d-b5e2-a0be50434704", "isDeleted:":"true", "version":"1698620705186"}}
{"logTime": "1102/152137", "correlationVector":"s9r3KMvERYiWF85wAzp1Rs.174","action":"GetUpdates", "result":"DeleteReceived", "context":{"id":"f76be0cd-0c0f-4db6-a3e2-1064566c9b2c", "isDeleted:":"true", "version":"1698621696094"}}
{"logTime": "1102/152137", "correlationVector":"s9r3KMvERYiWF85wAzp1Rs.175","action":"GetUpdates", "result":"DeleteReceived", "context":{"id":"ef8d9fa8-0e04-432f-b97a-a6bb578c94b3", "isDeleted:":"true", "version":"1698623533174"}}
{"logTime": "1102/152137", "correlationVector":"s9r3KMvERYiWF85wAzp1Rs.176","action":"GetUpdates", "result":"DeleteReceived", "context":{"id":"be3fbf82-3ffc-4c14-b127-971b8331f1ec", "isDeleted:":"true", "version":"1698623533176"}}
{"logTime": "1102/152137", "correlationVector":"s9r3KMvERYiWF85wAzp1Rs.177","action":"GetUpdates", "result":"DeleteReceived", "context":{"id":"cd3afd33-d266-47b3-a1fb-c9dafe0435c7", "isDeleted:":"true", "version":"1698623533177"}}
{"logTime": "1102/152137", "correlationVector":"s9r3KMvERYiWF85wAzp1Rs.178","action":"GetUpdates", "result":"DeleteReceived", "context":{"id":"3779b55a-abde-442b-ad23-a615b28140b4", "isDeleted:":"true", "version":"1698623533178"}}
{"logTime": "1102/152137", "correlationVector":"s9r3KMvERYiWF85wAzp1Rs.179","action":"GetUpdates", "result":"DeleteReceived", "context":{"id":"42079ac5-155b-45e2-8b9b-4f3067e36873", "isDeleted:":"true", "version":"1698623533179"}}
{"logTime": "1102/152137", "correlationVector":"s9r3KMvERYiWF85wAzp1Rs.180","action":"GetUpdates", "result":"DeleteReceived", "context":{"id":"f29e4dc7-4e67-4ac9-9ba7-a85b87a574d2", "isDeleted:":"true", "version":"1698623533180"}}
{"logTime": "1102/152137", "correlationVector":"s9r3KMvERYiWF85wAzp1Rs.181","action":"GetUpdates", "result":"DeleteReceived", "context":{"id":"420f8221-7dd8-416a-911b-216a50358e45", "isDeleted:":"true", "version":"1698623533182"}}
{"logTime": "1102/152137", "correlationVector":"s9r3KMvERYiWF85wAzp1Rs.182","action":"GetUpdates", "result":"DeleteReceived", "context":{"id":"306bf842-8bfb-4dfe-a354-b2cd7fdc013e", "isDeleted:":"true", "version":"1698623533183"}}
{"logTime": "1102/152137", "correlationVector":"s9r3KMvERYiWF85wAzp1Rs.183","action":"GetUpdates", "result":"DeleteReceived", "context":{"id":"64bcb06d-c535-4469-85dc-e142ff6525f3", "isDeleted:":"true", "version":"1698623533184"}}
{"logTime": "1102/152137", "correlationVector":"s9r3KMvERYiWF85wAzp1Rs.184","action":"GetUpdates", "result":"DeleteReceived", "context":{"id":"e2f12a09-3326-412b-912a-258930ad8352", "isDeleted:":"true", "version":"1698623533185"}}
{"logTime": "1102/152137", "correlationVector":"s9r3KMvERYiWF85wAzp1Rs.185","action":"GetUpdates", "result":"DeleteReceived", "context":{"id":"c6030857-5d0d-4625-b9f3-71774bb23d47", "isDeleted:":"true", "version":"1698623767677"}}
{"logTime": "1102/152137", "correlationVector":"s9r3KMvERYiWF85wAzp1Rs.186","action":"GetUpdates", "result":"DeleteReceived", "context":{"id":"81c1bd23-7d5c-405a-b2d5-93a492ccd911", "isDeleted:":"true", "version":"1698626969361"}}
{"logTime": "1102/152137", "correlationVector":"s9r3KMvERYiWF85wAzp1Rs.187","action":"GetUpdates", "result":"DeleteReceived", "context":{"id":"7bac48b8-8c78-4b23-9d68-3a0847ca2ee1", "isDeleted:":"true", "version":"1698627613893"}}
{"logTime": "1102/152137", "correlationVector":"s9r3KMvERYiWF85wAzp1Rs.188","action":"GetUpdates", "result":"DeleteReceived", "context":{"id":"bbbc9bfd-e671-4586-8b8a-c122fa19b475", "isDeleted:":"true", "version":"1698632998720"}}
{"logTime": "1102/152137", "correlationVector":"s9r3KMvERYiWF85wAzp1Rs.189","action":"GetUpdates", "result":"DeleteReceived", "context":{"id":"8a35183d-69a5-4bfb-a8bc-e815dcb7aa91", "isDeleted:":"true", "version":"1698632998721"}}
{"logTime": "1102/152137", "correlationVector":"s9r3KMvERYiWF85wAzp1Rs.190","action":"GetUpdates", "result":"DeleteReceived", "context":{"id":"8e76e180-5627-4ab2-a0ad-b95ecab959cd", "isDeleted:":"true", "version":"1698632998724"}}
{"logTime": "1102/152137", "correlationVector":"s9r3KMvERYiWF85wAzp1Rs.191","action":"GetUpdates", "result":"DeleteReceived", "context":{"id":"ec85ffc7-8bbf-4e2d-9e7c-28796fca4fa7", "isDeleted:":"true", "version":"1698632998725"}}
{"logTime": "1102/152137", "correlationVector":"s9r3KMvERYiWF85wAzp1Rs.192","action":"GetUpdates", "result":"DeleteReceived", "context":{"id":"108f6633-fc07-4244-b500-22524cddf82b", "isDeleted:":"true", "version":"1698632998726"}}
{"logTime": "1102/152137", "correlationVector":"s9r3KMvERYiWF85wAzp1Rs.193","action":"GetUpdates", "result":"DeleteReceived", "context":{"id":"2a24c2b0-1b5c-4766-9fb0-81d2d8e2f201", "isDeleted:":"true", "version":"1698632998727"}}
{"logTime": "1102/152137", "correlationVector":"s9r3KMvERYiWF85wAzp1Rs.194","action":"GetUpdates", "result":"DeleteReceived", "context":{"id":"04aed1ba-da4b-4428-a8d0-cf24589ad997", "isDeleted:":"true", "version":"1698633033158"}}
{"logTime": "1102/152137", "correlationVector":"s9r3KMvERYiWF85wAzp1Rs.195","action":"GetUpdates", "result":"DeleteReceived", "context":{"id":"fb58d8b1-1e29-4951-a8d2-75e45085e984", "isDeleted:":"true", "version":"1698633033159"}}
{"logTime": "1102/152137", "correlationVector":"s9r3KMvERYiWF85wAzp1Rs.196","action":"GetUpdates", "result":"DeleteReceived", "context":{"id":"ebdf3ddb-865a-4564-a9bb-e2d4fad6cd15", "isDeleted:":"true", "version":"1698633033162"}}
{"logTime": "1102/152137", "correlationVector":"s9r3KMvERYiWF85wAzp1Rs.197","action":"GetUpdates", "result":"DeleteReceived", "context":{"id":"b5e814a0-6d8a-471e-8a8d-eda9fe7165b4", "isDeleted:":"true", "version":"1698643094107"}}
{"logTime": "1102/152137", "correlationVector":"s9r3KMvERYiWF85wAzp1Rs.198","action":"GetUpdates", "result":"DeleteReceived", "context":{"id":"4bfec2ac-f412-4d03-be3c-9c75c169f15b", "isDeleted:":"true", "version":"1698643094108"}}
{"logTime": "1102/152137", "correlationVector":"s9r3KMvERYiWF85wAzp1Rs.199","action":"GetUpdates", "result":"DeleteReceived", "context":{"id":"8f1e267e-e9f5-40d0-9a0c-213524822324", "isDeleted:":"true", "version":"1698643094109"}}
{"logTime": "1102/152137", "correlationVector":"s9r3KMvERYiWF85wAzp1Rs.200","action":"GetUpdates", "result":"DeleteReceived", "context":{"id":"477a7a52-2cc2-43b6-a630-c3995b54b115", "isDeleted:":"true", "version":"1698643094111"}}
{"logTime": "1102/152137", "correlationVector":"s9r3KMvERYiWF85wAzp1Rs.201","action":"GetUpdates", "result":"DeleteReceived", "context":{"id":"cf09b1ea-2095-4bec-a2b5-b1fd2f68465b", "isDeleted:":"true", "version":"1698643810377"}}
{"logTime": "1102/152137", "correlationVector":"s9r3KMvERYiWF85wAzp1Rs.202","action":"GetUpdates", "result":"DeleteReceived", "context":{"id":"13815393-3d31-4f60-88cb-5478026c52e0", "isDeleted:":"true", "version":"1698644509603"}}
{"logTime": "1102/152137", "correlationVector":"s9r3KMvERYiWF85wAzp1Rs.203","action":"GetUpdates", "result":"DeleteReceived", "context":{"id":"4d5555df-5f0b-41e5-9ece-bdbdd482fd7e", "isDeleted:":"true", "version":"1698644876836"}}
{"logTime": "1102/152137", "correlationVector":"s9r3KMvERYiWF85wAzp1Rs.204","action":"GetUpdates", "result":"DeleteReceived", "context":{"id":"4d7eeafd-a518-4aa4-af5f-6d5c303a7689", "isDeleted:":"true", "version":"1698644907923"}}
{"logTime": "1102/152137", "correlationVector":"s9r3KMvERYiWF85wAzp1Rs.205","action":"GetUpdates Response", "result":"SERVER_MORE_TO_DOWNLOAD", "context":Received 250 update(s).  Some updates remain.}
{"logTime": "1102/152137", "correlationVector":"J+oPASzwAQD3OK6TzOgWr/","action":"Initial GetUpdates", "result":"", "context":Reason: RECONFIGURATION. cV=J+oPASzwAQD3OK6TzOgWr/}
{"logTime": "1102/152137", "correlationVector":"J+oPASzwAQD3OK6TzOgWr/.1","action":"SyncServerConnectionManagerRequest", "result":"SYNC_SERVER_OK", "context":{"environment":"Prod_SoutheastAsia_000j", "migrationStage":"NotStarted", "server":"GENERAL0100000A"}}
{"logTime": "1102/152137", "correlationVector":"J+oPASzwAQD3OK6TzOgWr/.2","action":"GetUpdates", "result":"DeleteReceived", "context":{"id":"57ba07f4-f42a-42e5-bd34-1aa22d72c946", "isDeleted:":"true", "version":"1698839799147"}}
{"logTime": "1102/152137", "correlationVector":"J+oPASzwAQD3OK6TzOgWr/.3","action":"GetUpdates", "result":"DeleteReceived", "context":{"id":"7c29d572-4259-4a6b-b2b2-d6474f17ccc4", "isDeleted:":"true", "version":"1698839808815"}}
{"logTime": "1102/152137", "correlationVector":"J+oPASzwAQD3OK6TzOgWr/.4","action":"GetUpdates", "result":"DeleteReceived", "context":{"id":"81ba94d1-d93e-4995-beda-e8d2387d05aa", "isDeleted:":"true", "version":"1698645981058"}}
{"logTime": "1102/152137", "correlationVector":"J+oPASzwAQD3OK6TzOgWr/.5","action":"GetUpdates", "result":"DeleteReceived", "context":{"id":"e23deb96-566f-4807-8667-67963ed0c3e4", "isDeleted:":"true", "version":"1698662637891"}}
{"logTime": "1102/152137", "correlationVector":"J+oPASzwAQD3OK6TzOgWr/.6","action":"GetUpdates", "result":"DeleteReceived", "context":{"id":"af64d1a2-e4ec-47e0-87da-dffa4c028898", "isDeleted:":"true", "version":"1698662637892"}}
{"logTime": "1102/152137", "correlationVector":"J+oPASzwAQD3OK6TzOgWr/.7","action":"GetUpdates", "result":"DeleteReceived", "context":{"id":"b273485f-1730-41a8-93b8-b46860ba1819", "isDeleted:":"true", "version":"1698662637895"}}
{"logTime": "1102/152137", "correlationVector":"J+oPASzwAQD3OK6TzOgWr/.8","action":"GetUpdates", "result":"DeleteReceived", "context":{"id":"ff1321c6-9c61-440f-8dc3-ffd72ffa2af1", "isDeleted:":"true", "version":"1698662637896"}}
{"logTime": "1102/152137", "correlationVector":"J+oPASzwAQD3OK6TzOgWr/.9","action":"GetUpdates", "result":"DeleteReceived", "context":{"id":"3be70434-9197-4f34-a290-4d55fe905c01", "isDeleted:":"true", "version":"1698662637897"}}
{"logTime": "1102/152137", "correlationVector":"J+oPASzwAQD3OK6TzOgWr/.10","action":"GetUpdates", "result":"DeleteReceived", "context":{"id":"e8455c31-47f6-49e9-9f13-44cdb8a713b0", "isDeleted:":"true", "version":"1698662848622"}}
{"logTime": "1102/152137", "correlationVector":"J+oPASzwAQD3OK6TzOgWr/.11","action":"GetUpdates", "result":"DeleteReceived", "context":{"id":"f855f226-7fc1-4b89-bb1e-e4bbb131493d", "isDeleted:":"true", "version":"1698662848625"}}
{"logTime": "1102/152137", "correlationVector":"J+oPASzwAQD3OK6TzOgWr/.12","action":"GetUpdates", "result":"DeleteReceived", "context":{"id":"1afc4f45-b39b-476d-bb71-b3233481116f", "isDeleted:":"true", "version":"1698662879688"}}
{"logTime": "1102/152137", "correlationVector":"J+oPASzwAQD3OK6TzOgWr/.13","action":"GetUpdates", "result":"DeleteReceived", "context":{"id":"caa1044b-6fb7-45ed-aa2e-95c62b4e48fc", "isDeleted:":"true", "version":"1698662910530"}}
{"logTime": "1102/152138", "correlationVector":"J+oPASzwAQD3OK6TzOgWr/.14","action":"GetUpdates", "result":"DeleteReceived", "context":{"id":"b340c466-5239-4ea7-ae47-0485daaf4705", "isDeleted:":"true", "version":"1698663541847"}}
{"logTime": "1102/152138", "correlationVector":"J+oPASzwAQD3OK6TzOgWr/.15","action":"GetUpdates", "result":"DeleteReceived", "context":{"id":"29ef9217-7452-407e-b4e2-3099eade53a4", "isDeleted:":"true", "version":"1698666014937"}}
{"logTime": "1102/152138", "correlationVector":"J+oPASzwAQD3OK6TzOgWr/.16","action":"GetUpdates", "result":"DeleteReceived", "context":{"id":"d5f07eda-d33e-4d2f-8cb2-09edfb866255", "isDeleted:":"true", "version":"1698709238423"}}
{"logTime": "1102/152138", "correlationVector":"J+oPASzwAQD3OK6TzOgWr/.17","action":"GetUpdates", "result":"DeleteReceived", "context":{"id":"21e1ee24-4fe1-4feb-9e0e-ff6f6cfb6a98", "isDeleted:":"true", "version":"1698709238425"}}
{"logTime": "1102/152138", "correlationVector":"J+oPASzwAQD3OK6TzOgWr/.18","action":"GetUpdates", "result":"DeleteReceived", "context":{"id":"1a68f821-c0b7-4e22-83b3-26a159073fad", "isDeleted:":"true", "version":"1698709238426"}}
{"logTime": "1102/152138", "correlationVector":"J+oPASzwAQD3OK6TzOgWr/.19","action":"GetUpdates", "result":"DeleteReceived", "context":{"id":"711bd097-387a-46ac-a1b2-9a178f92bd3d", "isDeleted:":"true", "version":"1698709820335"}}
{"logTime": "1102/152138", "correlationVector":"J+oPASzwAQD3OK6TzOgWr/.20","action":"GetUpdates", "result":"DeleteReceived", "context":{"id":"90d16408-d50a-4508-8102-edd77050be05", "isDeleted:":"true", "version":"1698710147939"}}
{"logTime": "1102/152138", "correlationVector":"J+oPASzwAQD3OK6TzOgWr/.21","action":"GetUpdates", "result":"DeleteReceived", "context":{"id":"1a8205c6-40c1-473e-8e67-835989fb5cf3", "isDeleted:":"true", "version":"1698710817837"}}
{"logTime": "1102/152138", "correlationVector":"J+oPASzwAQD3OK6TzOgWr/.22","action":"GetUpdates", "result":"DeleteReceived", "context":{"id":"fcafdb5c-a252-4712-bac8-2ff5b84556b8", "isDeleted:":"true", "version":"1698712216822"}}
{"logTime": "1102/152138", "correlationVector":"J+oPASzwAQD3OK6TzOgWr/.23","action":"GetUpdates", "result":"DeleteReceived", "context":{"id":"28b50ea8-3e93-43a5-8ff8-9b71d394452d", "isDeleted:":"true", "version":"1698712526182"}}
{"logTime": "1102/152138", "correlationVector":"J+oPASzwAQD3OK6TzOgWr/.24","action":"GetUpdates", "result":"DeleteReceived", "context":{"id":"3f88446c-0156-481e-8102-b59f40303622", "isDeleted:":"true", "version":"1698713201530"}}
{"logTime": "1102/152138", "correlationVector":"J+oPASzwAQD3OK6TzOgWr/.25","action":"GetUpdates", "result":"DeleteReceived", "context":{"id":"9606d4ae-c164-4426-ba9a-6fb8f3c9bd13", "isDeleted:":"true", "version":"1698713201531"}}
{"logTime": "1102/152138", "correlationVector":"J+oPASzwAQD3OK6TzOgWr/.26","action":"GetUpdates", "result":"DeleteReceived", "context":{"id":"a097b0b1-72f5-4788-9159-401dcb6ccf64", "isDeleted:":"true", "version":"1698713201533"}}
{"logTime": "1102/152138", "correlationVector":"J+oPASzwAQD3OK6TzOgWr/.27","action":"GetUpdates", "result":"DeleteReceived", "context":{"id":"5df25a59-16d1-4748-a092-195ca8688564", "isDeleted:":"true", "version":"1698713201534"}}
{"logTime": "1102/152138", "correlationVector":"J+oPASzwAQD3OK6TzOgWr/.28","action":"GetUpdates", "result":"DeleteReceived", "context":{"id":"6d5f5cee-84e6-4e71-8aa7-5b935ec4d762", "isDeleted:":"true", "version":"1698713201535"}}
{"logTime": "1102/152138", "correlationVector":"J+oPASzwAQD3OK6TzOgWr/.29","action":"GetUpdates", "result":"DeleteReceived", "context":{"id":"60cc764a-27d2-4ae3-9c15-82a40bf40e77", "isDeleted:":"true", "version":"1698713201536"}}
{"logTime": "1102/152138", "correlationVector":"J+oPASzwAQD3OK6TzOgWr/.30","action":"GetUpdates", "result":"DeleteReceived", "context":{"id":"4a4e2b95-5ee0-4083-86f4-befc30dde020", "isDeleted:":"true", "version":"1698719294811"}}
{"logTime": "1102/152138", "correlationVector":"J+oPASzwAQD3OK6TzOgWr/.31","action":"GetUpdates", "result":"DeleteReceived", "context":{"id":"60d8cd72-1b71-4143-b9ed-9013ec1ed5f1", "isDeleted:":"true", "version":"1698721484453"}}
{"logTime": "1102/152138", "correlationVector":"J+oPASzwAQD3OK6TzOgWr/.32","action":"GetUpdates", "result":"DeleteReceived", "context":{"id":"3898f921-5a37-4975-bfa7-b4316b6541fe", "isDeleted:":"true", "version":"1698721629014"}}
{"logTime": "1102/152138", "correlationVector":"J+oPASzwAQD3OK6TzOgWr/.33","action":"GetUpdates", "result":"DeleteReceived", "context":{"id":"71518795-5a1e-430f-b6a7-e826e72cd137", "isDeleted:":"true", "version":"1698723000100"}}
{"logTime": "1102/152138", "correlationVector":"J+oPASzwAQD3OK6TzOgWr/.34","action":"GetUpdates", "result":"DeleteReceived", "context":{"id":"55c4418a-a31c-4ef1-9622-f92c1e6d596d", "isDeleted:":"true", "version":"1698724736685"}}
{"logTime": "1102/152138", "correlationVector":"J+oPASzwAQD3OK6TzOgWr/.35","action":"GetUpdates", "result":"DeleteReceived", "context":{"id":"8a56ac34-678a-4378-9560-05d81cd57894", "isDeleted:":"true", "version":"1698725284487"}}
{"logTime": "1102/152138", "correlationVector":"J+oPASzwAQD3OK6TzOgWr/.36","action":"GetUpdates", "result":"DeleteReceived", "context":{"id":"7f81a935-ccd8-4a0d-802d-d4e3296677dd", "isDeleted:":"true", "version":"1698726256661"}}
{"logTime": "1102/152138", "correlationVector":"J+oPASzwAQD3OK6TzOgWr/.37","action":"GetUpdates", "result":"DeleteReceived", "context":{"id":"b7f814ee-9838-4c25-893b-958bde9917bb", "isDeleted:":"true", "version":"1698726302452"}}
{"logTime": "1102/152138", "correlationVector":"J+oPASzwAQD3OK6TzOgWr/.38","action":"GetUpdates", "result":"DeleteReceived", "context":{"id":"16c16898-8b03-41cc-8f0b-e2669cfa3b07", "isDeleted:":"true", "version":"1698726403445"}}
{"logTime": "1102/152138", "correlationVector":"J+oPASzwAQD3OK6TzOgWr/.39","action":"GetUpdates", "result":"DeleteReceived", "context":{"id":"621bb28a-4fb1-4a09-be66-c2b6378987d9", "isDeleted:":"true", "version":"1698727268459"}}
{"logTime": "1102/152138", "correlationVector":"J+oPASzwAQD3OK6TzOgWr/.40","action":"GetUpdates", "result":"DeleteReceived", "context":{"id":"88502f50-e8d9-4977-a515-0562edaffa8f", "isDeleted:":"true", "version":"1698727349260"}}
{"logTime": "1102/152138", "correlationVector":"J+oPASzwAQD3OK6TzOgWr/.41","action":"GetUpdates", "result":"DeleteReceived", "context":{"id":"4d478326-d433-4067-91d8-9b6aba3f4036", "isDeleted:":"true", "version":"1698728592033"}}
{"logTime": "1102/152138", "correlationVector":"J+oPASzwAQD3OK6TzOgWr/.42","action":"GetUpdates", "result":"DeleteReceived", "context":{"id":"b0f21b16-1c0b-42fe-a3ff-237dc89990eb", "isDeleted:":"true", "version":"1698729107484"}}
{"logTime": "1102/152138", "correlationVector":"J+oPASzwAQD3OK6TzOgWr/.43","action":"GetUpdates", "result":"DeleteReceived", "context":{"id":"fa417640-120b-4cd2-8740-5fca5b2696e1", "isDeleted:":"true", "version":"1698729107486"}}
{"logTime": "1102/152138", "correlationVector":"J+oPASzwAQD3OK6TzOgWr/.44","action":"GetUpdates", "result":"DeleteReceived", "context":{"id":"23ad1d52-6ad3-4f9c-9fc6-465698376ce9", "isDeleted:":"true", "version":"1698737028880"}}
{"logTime": "1102/152138", "correlationVector":"J+oPASzwAQD3OK6TzOgWr/.45","action":"GetUpdates", "result":"DeleteReceived", "context":{"id":"64f25dbf-81ba-4889-aad5-6fe85c525aa7", "isDeleted:":"true", "version":"1698739074687"}}
{"logTime": "1102/152138", "correlationVector":"J+oPASzwAQD3OK6TzOgWr/.46","action":"GetUpdates", "result":"DeleteReceived", "context":{"id":"44ccd0ff-bb26-49c9-9fbf-6b63d4e42008", "isDeleted:":"true", "version":"1698739817966"}}
{"logTime": "1102/152138", "correlationVector":"J+oPASzwAQD3OK6TzOgWr/.47","action":"GetUpdates", "result":"DeleteReceived", "context":{"id":"6c7948bd-dfc7-4bcd-8fa8-a83e59d33c1e", "isDeleted:":"true", "version":"1698750928057"}}
{"logTime": "1102/152138", "correlationVector":"J+oPASzwAQD3OK6TzOgWr/.48","action":"GetUpdates", "result":"DeleteReceived", "context":{"id":"8ff3b8f1-a33f-40ab-8d05-cdc1f8e804ce", "isDeleted:":"true", "version":"1698750928058"}}
{"logTime": "1102/152138", "correlationVector":"J+oPASzwAQD3OK6TzOgWr/.49","action":"GetUpdates", "result":"DeleteReceived", "context":{"id":"df4dd994-8e45-4733-b66c-1ffabd415760", "isDeleted:":"true", "version":"1698750928060"}}
{"logTime": "1102/152138", "correlationVector":"J+oPASzwAQD3OK6TzOgWr/.50","action":"GetUpdates", "result":"DeleteReceived", "context":{"id":"58ff49a8-835e-4b6b-8724-12d9edfe1155", "isDeleted:":"true", "version":"1698750928061"}}
{"logTime": "1102/152138", "correlationVector":"J+oPASzwAQD3OK6TzOgWr/.51","action":"GetUpdates", "result":"DeleteReceived", "context":{"id":"6f812b53-2d59-4183-9f41-a52d7b2086b9", "isDeleted:":"true", "version":"1698750928062"}}
{"logTime": "1102/152138", "correlationVector":"J+oPASzwAQD3OK6TzOgWr/.52","action":"GetUpdates", "result":"DeleteReceived", "context":{"id":"65c61bc1-fc4e-47b2-b575-ecaaa71640a2", "isDeleted:":"true", "version":"1698751557844"}}
{"logTime": "1102/152138", "correlationVector":"J+oPASzwAQD3OK6TzOgWr/.53","action":"GetUpdates", "result":"DeleteReceived", "context":{"id":"f9512e01-c206-4f74-86bc-1b456faca889", "isDeleted:":"true", "version":"1698751604113"}}
{"logTime": "1102/152138", "correlationVector":"J+oPASzwAQD3OK6TzOgWr/.54","action":"GetUpdates", "result":"DeleteReceived", "context":{"id":"f979c8e2-55d5-4ae4-8015-70ff5357afa4", "isDeleted:":"true", "version":"1698755392032"}}
{"logTime": "1102/152138", "correlationVector":"J+oPASzwAQD3OK6TzOgWr/.55","action":"GetUpdates", "result":"DeleteReceived", "context":{"id":"a0bcc7b5-0ad9-4978-896b-94b7faaf1d32", "isDeleted:":"true", "version":"1698755392034"}}
{"logTime": "1102/152138", "correlationVector":"J+oPASzwAQD3OK6TzOgWr/.56","action":"GetUpdates", "result":"DeleteReceived", "context":{"id":"7ae681bd-b724-4df2-be82-68d77a8956e4", "isDeleted:":"true", "version":"1698756575238"}}
{"logTime": "1102/152138", "correlationVector":"J+oPASzwAQD3OK6TzOgWr/.57","action":"GetUpdates", "result":"DeleteReceived", "context":{"id":"75603b86-ff57-487e-a955-33bdd1a2cb72", "isDeleted:":"true", "version":"1698756656173"}}
{"logTime": "1102/152138", "correlationVector":"J+oPASzwAQD3OK6TzOgWr/.58","action":"GetUpdates", "result":"DeleteReceived", "context":{"id":"453de8b7-899e-4d28-b0d7-b38c5096d61f", "isDeleted:":"true", "version":"1698757529957"}}
{"logTime": "1102/152138", "correlationVector":"J+oPASzwAQD3OK6TzOgWr/.59","action":"GetUpdates", "result":"DeleteReceived", "context":{"id":"142da522-f68d-46e1-9a92-8968ffe904e6", "isDeleted:":"true", "version":"1698757653705"}}
{"logTime": "1102/152138", "correlationVector":"J+oPASzwAQD3OK6TzOgWr/.60","action":"GetUpdates", "result":"DeleteReceived", "context":{"id":"2a8e4bd0-b1a1-42cf-9b07-808bfde51653", "isDeleted:":"true", "version":"1698757679870"}}
{"logTime": "1102/152138", "correlationVector":"J+oPASzwAQD3OK6TzOgWr/.61","action":"GetUpdates", "result":"DeleteReceived", "context":{"id":"50a45ed3-3384-437e-9611-7f7ed04c7c72", "isDeleted:":"true", "version":"1698757744826"}}
{"logTime": "1102/152138", "correlationVector":"J+oPASzwAQD3OK6TzOgWr/.62","action":"GetUpdates", "result":"DeleteReceived", "context":{"id":"84ea7127-7c81-46f0-9ba4-77493568a293", "isDeleted:":"true", "version":"1698793423764"}}
{"logTime": "1102/152138", "correlationVector":"J+oPASzwAQD3OK6TzOgWr/.63","action":"GetUpdates", "result":"DeleteReceived", "context":{"id":"6fcea838-f9fd-4043-9c73-4cb16d7a5b2e", "isDeleted:":"true", "version":"1698793423765"}}
{"logTime": "1102/152138", "correlationVector":"J+oPASzwAQD3OK6TzOgWr/.64","action":"GetUpdates", "result":"DeleteReceived", "context":{"id":"66fa4007-187d-4db1-a182-13e435e170ea", "isDeleted:":"true", "version":"1698793423767"}}
{"logTime": "1102/152138", "correlationVector":"J+oPASzwAQD3OK6TzOgWr/.65","action":"GetUpdates", "result":"DeleteReceived", "context":{"id":"d163e40c-db6b-4eaf-b61b-77a0e26df823", "isDeleted:":"true", "version":"1698793423768"}}
{"logTime": "1102/152138", "correlationVector":"J+oPASzwAQD3OK6TzOgWr/.66","action":"GetUpdates", "result":"DeleteReceived", "context":{"id":"004ac3b1-c993-45ea-806f-57bfbbe58d66", "isDeleted:":"true", "version":"1698793423769"}}
{"logTime": "1102/152138", "correlationVector":"J+oPASzwAQD3OK6TzOgWr/.67","action":"GetUpdates", "result":"DeleteReceived", "context":{"id":"24b1f6d4-d903-450f-ab95-0e5de66b204e", "isDeleted:":"true", "version":"1698793423770"}}
{"logTime": "1102/152138", "correlationVector":"J+oPASzwAQD3OK6TzOgWr/.68","action":"GetUpdates", "result":"DeleteReceived", "context":{"id":"d5eaf004-6584-4b16-a6d9-d196717a9e23", "isDeleted:":"true", "version":"1698793423771"}}
{"logTime": "1102/152138", "correlationVector":"J+oPASzwAQD3OK6TzOgWr/.69","action":"GetUpdates", "result":"DeleteReceived", "context":{"id":"b9569e14-b776-4a1a-a0e6-13f8c4e272db", "isDeleted:":"true", "version":"1698796175063"}}
{"logTime": "1102/152138", "correlationVector":"J+oPASzwAQD3OK6TzOgWr/.70","action":"GetUpdates", "result":"DeleteReceived", "context":{"id":"a202c5bf-a4f3-4da9-9077-b9e46c5ce45d", "isDeleted:":"true", "version":"1698797006218"}}
{"logTime": "1102/152138", "correlationVector":"J+oPASzwAQD3OK6TzOgWr/.71","action":"GetUpdates", "result":"DeleteReceived", "context":{"id":"e8e122e4-1ae7-483a-a8f9-fb13971034dd", "isDeleted:":"true", "version":"1698797036909"}}
{"logTime": "1102/152138", "correlationVector":"J+oPASzwAQD3OK6TzOgWr/.72","action":"GetUpdates", "result":"DeleteReceived", "context":{"id":"16274507-b8bf-4aa8-a71c-132cd5b853f0", "isDeleted:":"true", "version":"1698799823034"}}
{"logTime": "1102/152138", "correlationVector":"J+oPASzwAQD3OK6TzOgWr/.73","action":"GetUpdates", "result":"DeleteReceived", "context":{"id":"748a9312-64c0-4322-866b-6b71b7968613", "isDeleted:":"true", "version":"1698799973867"}}
{"logTime": "1102/152138", "correlationVector":"J+oPASzwAQD3OK6TzOgWr/.74","action":"GetUpdates", "result":"DeleteReceived", "context":{"id":"d8202fda-f056-407e-b28e-a6b43686d8d6", "isDeleted:":"true", "version":"1698800024665"}}
{"logTime": "1102/152138", "correlationVector":"J+oPASzwAQD3OK6TzOgWr/.75","action":"GetUpdates", "result":"DeleteReceived", "context":{"id":"d48d03da-44fa-463a-a063-119664c75a8c", "isDeleted:":"true", "version":"1698801942337"}}
{"logTime": "1102/152138", "correlationVector":"J+oPASzwAQD3OK6TzOgWr/.76","action":"GetUpdates", "result":"DeleteReceived", "context":{"id":"8985da54-3208-4d3e-8fe6-b5030be2b2b3", "isDeleted:":"true", "version":"1698803316359"}}
{"logTime": "1102/152138", "correlationVector":"J+oPASzwAQD3OK6TzOgWr/.77","action":"GetUpdates", "result":"DeleteReceived", "context":{"id":"24a4a4b6-c8c8-45fe-9406-14c1615dc1c2", "isDeleted:":"true", "version":"1698803426549"}}
{"logTime": "1102/152138", "correlationVector":"J+oPASzwAQD3OK6TzOgWr/.78","action":"GetUpdates", "result":"DeleteReceived", "context":{"id":"97e6eb9d-3d9a-4842-9d93-c24856307332", "isDeleted:":"true", "version":"1698803597696"}}
{"logTime": "1102/152138", "correlationVector":"J+oPASzwAQD3OK6TzOgWr/.79","action":"GetUpdates", "result":"DeleteReceived", "context":{"id":"50baa739-9b84-43a7-8a5e-3caacf99f111", "isDeleted:":"true", "version":"1698803618363"}}
{"logTime": "1102/152138", "correlationVector":"J+oPASzwAQD3OK6TzOgWr/.80","action":"GetUpdates", "result":"DeleteReceived", "context":{"id":"f8d3c426-22ec-4678-a8b8-6e2129454e87", "isDeleted:":"true", "version":"1698804169373"}}
{"logTime": "1102/152138", "correlationVector":"J+oPASzwAQD3OK6TzOgWr/.81","action":"GetUpdates", "result":"DeleteReceived", "context":{"id":"16340a17-18b4-47f3-8178-9d58b59a80eb", "isDeleted:":"true", "version":"1698804339985"}}
{"logTime": "1102/152138", "correlationVector":"J+oPASzwAQD3OK6TzOgWr/.82","action":"GetUpdates", "result":"DeleteReceived", "context":{"id":"cd1493de-991b-4914-bbf3-b99925582567", "isDeleted:":"true", "version":"1698805501192"}}
{"logTime": "1102/152138", "correlationVector":"J+oPASzwAQD3OK6TzOgWr/.83","action":"GetUpdates", "result":"DeleteReceived", "context":{"id":"484abb90-f517-4401-95a1-95a6ca5d2881", "isDeleted:":"true", "version":"1698806957671"}}
{"logTime": "1102/152138", "correlationVector":"J+oPASzwAQD3OK6TzOgWr/.84","action":"GetUpdates", "result":"DeleteReceived", "context":{"id":"1dc0341e-f8ea-4d49-945c-f8ad35e2bf9a", "isDeleted:":"true", "version":"1698807638764"}}
{"logTime": "1102/152138", "correlationVector":"J+oPASzwAQD3OK6TzOgWr/.85","action":"GetUpdates", "result":"DeleteReceived", "context":{"id":"9d88a28a-fd4d-416b-a396-d76de0239b26", "isDeleted:":"true", "version":"1698822307210"}}
{"logTime": "1102/152138", "correlationVector":"J+oPASzwAQD3OK6TzOgWr/.86","action":"GetUpdates", "result":"DeleteReceived", "context":{"id":"c8dbdb45-c56f-4463-996a-944263e5555e", "isDeleted:":"true", "version":"1698822307212"}}
{"logTime": "1102/152138", "correlationVector":"J+oPASzwAQD3OK6TzOgWr/.87","action":"GetUpdates", "result":"DeleteReceived", "context":{"id":"3b9bd46a-fb45-4b4e-a401-f5540d6202cf", "isDeleted:":"true", "version":"1698822307214"}}
{"logTime": "1102/152138", "correlationVector":"J+oPASzwAQD3OK6TzOgWr/.88","action":"GetUpdates", "result":"DeleteReceived", "context":{"id":"f35cb1ac-6abf-43b9-a92b-d6d39496c5d8", "isDeleted:":"true", "version":"1698822307215"}}
{"logTime": "1102/152138", "correlationVector":"J+oPASzwAQD3OK6TzOgWr/.89","action":"GetUpdates", "result":"DeleteReceived", "context":{"id":"caa5857d-7c17-4b4c-8204-2318b1582c97", "isDeleted:":"true", "version":"1698822307216"}}
{"logTime": "1102/152138", "correlationVector":"J+oPASzwAQD3OK6TzOgWr/.90","action":"GetUpdates", "result":"DeleteReceived", "context":{"id":"c9010972-e453-49e1-b8a8-9d64e6be6413", "isDeleted:":"true", "version":"1698822969959"}}
{"logTime": "1102/152138", "correlationVector":"J+oPASzwAQD3OK6TzOgWr/.91","action":"GetUpdates", "result":"DeleteReceived", "context":{"id":"62ee4e6d-8222-4d70-b303-bea444fc4a37", "isDeleted:":"true", "version":"1698826714988"}}
{"logTime": "1102/152138", "correlationVector":"J+oPASzwAQD3OK6TzOgWr/.92","action":"GetUpdates", "result":"DeleteReceived", "context":{"id":"b2b8627d-cb0d-4086-9e39-2c8cd91b20e6", "isDeleted:":"true", "version":"1698828369765"}}
{"logTime": "1102/152138", "correlationVector":"J+oPASzwAQD3OK6TzOgWr/.93","action":"GetUpdates", "result":"DeleteReceived", "context":{"id":"5241ded9-dfe8-4484-a712-2a8bcfb3aea5", "isDeleted:":"true", "version":"1698839677847"}}
{"logTime": "1102/152138", "correlationVector":"J+oPASzwAQD3OK6TzOgWr/.94","action":"GetUpdates", "result":"DeleteReceived", "context":{"id":"f5410c23-323e-47d9-ab7a-cd9792cee7ba", "isDeleted:":"true", "version":"1698839677848"}}
{"logTime": "1102/152138", "correlationVector":"J+oPASzwAQD3OK6TzOgWr/.95","action":"GetUpdates", "result":"DeleteReceived", "context":{"id":"1e1df874-85d5-42fa-bb16-e205930168a0", "isDeleted:":"true", "version":"1698839677849"}}
{"logTime": "1102/152138", "correlationVector":"J+oPASzwAQD3OK6TzOgWr/.96","action":"GetUpdates", "result":"DeleteReceived", "context":{"id":"204b8dc5-2408-4f13-a244-22d1ff9d1d7f", "isDeleted:":"true", "version":"1698839677851"}}
{"logTime": "1102/152138", "correlationVector":"J+oPASzwAQD3OK6TzOgWr/.97","action":"GetUpdates", "result":"DeleteReceived", "context":{"id":"2bbdf685-6d24-4012-ae13-fbf2c00d4034", "isDeleted:":"true", "version":"1698839677852"}}
{"logTime": "1102/152138", "correlationVector":"J+oPASzwAQD3OK6TzOgWr/.98","action":"GetUpdates", "result":"DeleteReceived", "context":{"id":"567e0f8d-deb3-4d98-a7d3-5f397762021b", "isDeleted:":"true", "version":"1698839677854"}}
{"logTime": "1102/152138", "correlationVector":"J+oPASzwAQD3OK6TzOgWr/.99","action":"GetUpdates", "result":"DeleteReceived", "context":{"id":"80030ff7-a2b1-4f33-ae80-6105a93ec718", "isDeleted:":"true", "version":"1698839677855"}}
{"logTime": "1102/152138", "correlationVector":"J+oPASzwAQD3OK6TzOgWr/.100","action":"GetUpdates", "result":"DeleteReceived", "context":{"id":"cdd57757-de71-4dff-91b7-587e7ef061f1", "isDeleted:":"true", "version":"1698839855126"}}
{"logTime": "1102/152138", "correlationVector":"J+oPASzwAQD3OK6TzOgWr/.101","action":"GetUpdates", "result":"DeleteReceived", "context":{"id":"a0ff7015-ef2d-4fde-8b75-974182332a4d", "isDeleted:":"true", "version":"1698839873808"}}
{"logTime": "1102/152138", "correlationVector":"J+oPASzwAQD3OK6TzOgWr/.102","action":"GetUpdates", "result":"DeleteReceived", "context":{"id":"182e52dc-2608-4596-9ace-ffe96456d2a9", "isDeleted:":"true", "version":"1698839883843"}}
{"logTime": "1102/152138", "correlationVector":"J+oPASzwAQD3OK6TzOgWr/.103","action":"GetUpdates", "result":"DeleteReceived", "context":{"id":"82c405af-8eed-422b-acbb-c0c1457c7186", "isDeleted:":"true", "version":"1698840077554"}}
{"logTime": "1102/152138", "correlationVector":"J+oPASzwAQD3OK6TzOgWr/.104","action":"GetUpdates", "result":"DeleteReceived", "context":{"id":"7c976401-40c4-49ad-93a3-d13759a1a58f", "isDeleted:":"true", "version":"1698841237952"}}
{"logTime": "1102/152138", "correlationVector":"J+oPASzwAQD3OK6TzOgWr/.105","action":"GetUpdates", "result":"DeleteReceived", "context":{"id":"baa21aa6-80e4-4a10-9adb-c78844969171", "isDeleted:":"true", "version":"1698843414886"}}
{"logTime": "1102/152138", "correlationVector":"J+oPASzwAQD3OK6TzOgWr/.106","action":"GetUpdates", "result":"DeleteReceived", "context":{"id":"044ee95d-c687-40c9-8d3e-7b8c5286ab17", "isDeleted:":"true", "version":"1698843465218"}}
{"logTime": "1102/152138", "correlationVector":"J+oPASzwAQD3OK6TzOgWr/.107","action":"GetUpdates", "result":"DeleteReceived", "context":{"id":"87a29dd3-77a4-48c7-b4e2-20a53ab0e643", "isDeleted:":"true", "version":"1698844748974"}}
{"logTime": "1102/152138", "correlationVector":"J+oPASzwAQD3OK6TzOgWr/.108","action":"GetUpdates", "result":"DeleteReceived", "context":{"id":"0f843a31-16df-4702-89c5-4065dd1020a5", "isDeleted:":"true", "version":"1698848563369"}}
{"logTime": "1102/152138", "correlationVector":"J+oPASzwAQD3OK6TzOgWr/.109","action":"GetUpdates", "result":"DeleteReceived", "context":{"id":"2bcd8830-2dfb-45d6-a45d-a3ac1f7a8012", "isDeleted:":"true", "version":"1698850307509"}}
{"logTime": "1102/152138", "correlationVector":"J+oPASzwAQD3OK6TzOgWr/.110","action":"GetUpdates", "result":"DeleteReceived", "context":{"id":"03e419b1-6af1-4a43-a4bd-0cb7c49491c9", "isDeleted:":"true", "version":"1698850946717"}}
{"logTime": "1102/152138", "correlationVector":"J+oPASzwAQD3OK6TzOgWr/.111","action":"GetUpdates", "result":"DeleteReceived", "context":{"id":"fc04c29d-27ab-4dd9-83ae-0a2f09b9b429", "isDeleted:":"true", "version":"1698857966294"}}
{"logTime": "1102/152138", "correlationVector":"J+oPASzwAQD3OK6TzOgWr/.112","action":"GetUpdates", "result":"DeleteReceived", "context":{"id":"25b3e8ac-4053-4cd8-8e13-0cc47ee50c8b", "isDeleted:":"true", "version":"1698859578131"}}
{"logTime": "1102/152138", "correlationVector":"J+oPASzwAQD3OK6TzOgWr/.113","action":"GetUpdates", "result":"DeleteReceived", "context":{"id":"cb1e0604-f276-4317-bb41-f9f4199c8539", "isDeleted:":"true", "version":"1698859904322"}}
{"logTime": "1102/152138", "correlationVector":"J+oPASzwAQD3OK6TzOgWr/.114","action":"GetUpdates", "result":"DeleteReceived", "context":{"id":"91234bb7-9fa3-4540-8945-57fe5e53eba5", "isDeleted:":"true", "version":"1698861800134"}}
{"logTime": "1102/152138", "correlationVector":"J+oPASzwAQD3OK6TzOgWr/.115","action":"GetUpdates", "result":"DeleteReceived", "context":{"id":"df4a5224-f9bd-4f4f-8ea6-8e8d18ca7c88", "isDeleted:":"true", "version":"1698864717843"}}
{"logTime": "1102/152138", "correlationVector":"J+oPASzwAQD3OK6TzOgWr/.116","action":"GetUpdates", "result":"DeleteReceived", "context":{"id":"dc8a9b72-a767-49e4-ab19-5981e8b89bca", "isDeleted:":"true", "version":"1698864849589"}}
{"logTime": "1102/152138", "correlationVector":"J+oPASzwAQD3OK6TzOgWr/.117","action":"GetUpdates", "result":"DeleteReceived", "context":{"id":"257d4b2a-56c7-41ab-ad04-cc72eef775f0", "isDeleted:":"true", "version":"1698882706721"}}
{"logTime": "1102/152138", "correlationVector":"J+oPASzwAQD3OK6TzOgWr/.118","action":"GetUpdates", "result":"DeleteReceived", "context":{"id":"209b09fe-ede5-496a-9fc4-c5341c4e8c54", "isDeleted:":"true", "version":"1698882706722"}}
{"logTime": "1102/152138", "correlationVector":"J+oPASzwAQD3OK6TzOgWr/.119","action":"GetUpdates", "result":"DeleteReceived", "context":{"id":"72c4c5e3-3db1-4b68-b1d6-2d6eeeb4a362", "isDeleted:":"true", "version":"1698882706723"}}
{"logTime": "1102/152138", "correlationVector":"J+oPASzwAQD3OK6TzOgWr/.120","action":"GetUpdates", "result":"DeleteReceived", "context":{"id":"23d09627-98fe-45a7-85c7-25ef8e69b9f4", "isDeleted:":"true", "version":"1698882706724"}}
{"logTime": "1102/152138", "correlationVector":"J+oPASzwAQD3OK6TzOgWr/.121","action":"GetUpdates", "result":"DeleteReceived", "context":{"id":"c75e1511-17da-4f2c-b563-ceaf4a451ca8", "isDeleted:":"true", "version":"1698882706726"}}
{"logTime": "1102/152138", "correlationVector":"J+oPASzwAQD3OK6TzOgWr/.122","action":"GetUpdates", "result":"DeleteReceived", "context":{"id":"5b00e13e-feb3-4e52-b213-be3666b4c6a2", "isDeleted:":"true", "version":"1698882706727"}}
{"logTime": "1102/152138", "correlationVector":"J+oPASzwAQD3OK6TzOgWr/.123","action":"GetUpdates", "result":"DeleteReceived", "context":{"id":"66c3f0d2-cdde-4e32-9c0d-e46da428da61", "isDeleted:":"true", "version":"1698882706729"}}
{"logTime": "1102/152138", "correlationVector":"J+oPASzwAQD3OK6TzOgWr/.124","action":"GetUpdates", "result":"DeleteReceived", "context":{"id":"ceed0468-cc77-4152-868d-ef39a0e56184", "isDeleted:":"true", "version":"1698882706730"}}
{"logTime": "1102/152138", "correlationVector":"J+oPASzwAQD3OK6TzOgWr/.125","action":"GetUpdates", "result":"DeleteReceived", "context":{"id":"572f5e6f-779f-4e4a-81f7-5ee4f0669c38", "isDeleted:":"true", "version":"1698882969029"}}
{"logTime": "1102/152138", "correlationVector":"J+oPASzwAQD3OK6TzOgWr/.126","action":"GetUpdates", "result":"DeleteReceived", "context":{"id":"84c7b4b8-b751-4447-9205-fc0fce3df4ce", "isDeleted:":"true", "version":"1698882981895"}}
{"logTime": "1102/152138", "correlationVector":"J+oPASzwAQD3OK6TzOgWr/.127","action":"GetUpdates", "result":"DeleteReceived", "context":{"id":"c4d3ed32-7b8c-4779-a6ab-ccaef40a4358", "isDeleted:":"true", "version":"1698882981898"}}
{"logTime": "1102/152138", "correlationVector":"J+oPASzwAQD3OK6TzOgWr/.128","action":"GetUpdates", "result":"DeleteReceived", "context":{"id":"bc06260c-9dfa-4d8b-9fe3-069db485f3c5", "isDeleted:":"true", "version":"1698900138654"}}
{"logTime": "1102/152138", "correlationVector":"J+oPASzwAQD3OK6TzOgWr/.129","action":"GetUpdates", "result":"DeleteReceived", "context":{"id":"b4ac882d-74df-49c9-aff1-120bb5dc8389", "isDeleted:":"true", "version":"1698900296741"}}
{"logTime": "1102/152138", "correlationVector":"J+oPASzwAQD3OK6TzOgWr/.130","action":"GetUpdates", "result":"DeleteReceived", "context":{"id":"1524fced-b326-4368-b3a5-cb48944d8649", "isDeleted:":"true", "version":"1698903406318"}}
{"logTime": "1102/152138", "correlationVector":"J+oPASzwAQD3OK6TzOgWr/.131","action":"GetUpdates", "result":"DeleteReceived", "context":{"id":"9b510ce0-c62d-448d-a924-d2db21f6e6c1", "isDeleted:":"true", "version":"1698903406322"}}
{"logTime": "1102/152138", "correlationVector":"J+oPASzwAQD3OK6TzOgWr/.132","action":"GetUpdates", "result":"DeleteReceived", "context":{"id":"838a6910-5adc-45c8-ad30-ad3f4e586c4a", "isDeleted:":"true", "version":"1698903440556"}}
{"logTime": "1102/152138", "correlationVector":"J+oPASzwAQD3OK6TzOgWr/.133","action":"GetUpdates", "result":"DeleteReceived", "context":{"id":"8b9e9eb1-3c8a-404e-9a57-8193b401ba5c", "isDeleted:":"true", "version":"1698921328393"}}
{"logTime": "1102/152138", "correlationVector":"J+oPASzwAQD3OK6TzOgWr/.134","action":"GetUpdates", "result":"DeleteReceived", "context":{"id":"2c25b4b9-b2c2-4d4a-95ad-396ba54d0378", "isDeleted:":"true", "version":"1698921328394"}}
{"logTime": "1102/152138", "correlationVector":"J+oPASzwAQD3OK6TzOgWr/.135","action":"GetUpdates", "result":"DeleteReceived", "context":{"id":"280673c1-e11f-4d09-bf3b-1d942d9b8a8e", "isDeleted:":"true", "version":"1698921328395"}}
{"logTime": "1102/152138", "correlationVector":"J+oPASzwAQD3OK6TzOgWr/.136","action":"GetUpdates", "result":"DeleteReceived", "context":{"id":"5deda8ab-3b0e-4624-bdd3-c2773cff9334", "isDeleted:":"true", "version":"1698921328397"}}
{"logTime": "1102/152138", "correlationVector":"J+oPASzwAQD3OK6TzOgWr/.137","action":"GetUpdates", "result":"DeleteReceived", "context":{"id":"e15a33c3-c304-44ab-b1f8-e110a51ec254", "isDeleted:":"true", "version":"1698923115959"}}
{"logTime": "1102/152138", "correlationVector":"J+oPASzwAQD3OK6TzOgWr/.138","action":"GetUpdates", "result":"DeleteReceived", "context":{"id":"e36d9e64-aa2e-4740-82d1-eb4531d9aaa4", "isDeleted:":"true", "version":"1698923702139"}}
{"logTime": "1102/152138", "correlationVector":"J+oPASzwAQD3OK6TzOgWr/.139","action":"GetUpdates", "result":"DeleteReceived", "context":{"id":"c3a9cb46-39e9-4a14-9bb9-04f66f3d1328", "isDeleted:":"true", "version":"1698931639527"}}
{"logTime": "1102/152138", "correlationVector":"J+oPASzwAQD3OK6TzOgWr/.140","action":"GetUpdates", "result":"DeleteReceived", "context":{"id":"cdf5c1b1-1819-49d0-896f-420f8f8981f2", "isDeleted:":"true", "version":"1698932681320"}}
{"logTime": "1102/152138", "correlationVector":"J+oPASzwAQD3OK6TzOgWr/.141","action":"GetUpdates", "result":"DeleteReceived", "context":{"id":"d993719c-52ba-41a4-b4f9-8149e1a1da1a", "isDeleted:":"true", "version":"1698933304951"}}
{"logTime": "1102/152138", "correlationVector":"J+oPASzwAQD3OK6TzOgWr/.142","action":"GetUpdates", "result":"DeleteReceived", "context":{"id":"a2695279-1ffc-496b-963b-111cb83aed33", "isDeleted:":"true", "version":"1698935001777"}}
{"logTime": "1102/152138", "correlationVector":"J+oPASzwAQD3OK6TzOgWr/.143","action":"GetUpdates Response", "result":"SERVER_MORE_TO_DOWNLOAD", "context":Received 250 update(s).  Some updates remain.}
{"logTime": "1102/152138", "correlationVector":"HC2eNzFEWThrqICzJLjnFp","action":"Initial GetUpdates", "result":"", "context":Reason: RECONFIGURATION. cV=HC2eNzFEWThrqICzJLjnFp}
{"logTime": "1102/152138", "correlationVector":"HC2eNzFEWThrqICzJLjnFp.1","action":"SyncServerConnectionManagerRequest", "result":"SYNC_SERVER_OK", "context":{"environment":"Prod_SoutheastAsia_000j", "migrationStage":"NotStarted", "server":"GENERAL0100000Y"}}
{"logTime": "1102/152138", "correlationVector":"HC2eNzFEWThrqICzJLjnFp.2","action":"GetUpdates Response", "result":"SYNCER_OK", "context":Received 7 update(s). cV=HC2eNzFEWThrqICzJLjnFp.0;server=GENERAL0100000Y;cloudType=Consumer;environment=Prod_SoutheastAsia_000j;migrationStage=NotStarted}
{"logTime": "1102/152138", "correlationVector":"oTtNfu0AG6bFTm0TuX96Qb","action":"Normal GetUpdate request", "result":"", "context":cV=oTtNfu0AG6bFTm0TuX96Qb
Nudged types: Bookmarks, Sessions, Device Info, User Consents
Notified types: Device Info
Refresh requested types: Bookmarks, Preferences, Passwords, Autofill Profiles, Autofill, Autofill Custom Data, Typed URLs, Extensions, Sessions, Extension settings, History Delete Directives, Device Info, User Consents, Send Tab To Self, Web Apps, Collection, Edge E Drop, Edge Hub App Usage, Edge Wallet, Encryption Keys}
{"logTime": "1102/152138", "correlationVector":"oTtNfu0AG6bFTm0TuX96Qb.1","action":"SyncServerConnectionManagerRequest", "result":"SYNC_SERVER_OK", "context":{"environment":"Prod_SoutheastAsia_000j", "migrationStage":"NotStarted", "server":"GENERAL01000018"}}
{"logTime": "1102/152138", "correlationVector":"oTtNfu0AG6bFTm0TuX96Qb.2","action":"GetUpdates Response", "result":"SYNCER_OK", "context":Received 0 update(s). cV=oTtNfu0AG6bFTm0TuX96Qb.0;server=GENERAL01000018;cloudType=Consumer;environment=Prod_SoutheastAsia_000j;migrationStage=NotStarted}
{"logTime": "1102/152138", "correlationVector":"+tQJo0r1+MlTXPsYl/Dihk","action":"Commit Request", "result":"", "context":Item count: 1
Contributing types: Device Info}
{"logTime": "1102/152140", "correlationVector":"+tQJo0r1+MlTXPsYl/Dihk.1","action":"SyncServerConnectionManagerRequest", "result":"SYNC_SERVER_OK", "context":{"environment":"Prod_SoutheastAsia_000j", "migrationStage":"NotStarted", "server":"GENERAL0100001E"}}
{"logTime": "1102/152140", "correlationVector":"+tQJo0r1+MlTXPsYl/Dihk.2","action":"Commit Response", "result":"SYNCER_OK", "context":Result: SYNCER_OK. cV=+tQJo0r1+MlTXPsYl/Dihk.0;server=GENERAL0100001E;cloudType=Consumer;environment=Prod_SoutheastAsia_000j;migrationStage=NotStarted}
{"logTime": "1102/152140", "correlationVector":"KINy5ieUmmBaFh99ERmlsh","action":"Commit Request", "result":"", "context":Item count: 15
Contributing types: Bookmarks, Typed URLs, Sessions, User Consents}
{"logTime": "1102/152142", "correlationVector":"KINy5ieUmmBaFh99ERmlsh.1","action":"SyncServerConnectionManagerRequest", "result":"SYNC_SERVER_OK", "context":{"environment":"Prod_SoutheastAsia_000j", "migrationStage":"NotStarted", "server":"GENERAL0100000O"}}
{"logTime": "1102/152142", "correlationVector":"KINy5ieUmmBaFh99ERmlsh.2","action":"Commit Response", "result":"SYNCER_OK", "context":Result: SYNCER_OK. cV=KINy5ieUmmBaFh99ERmlsh.0;server=GENERAL0100000O;cloudType=Consumer;environment=Prod_SoutheastAsia_000j;migrationStage=NotStarted}
{"logTime": "1102/152328", "correlationVector":"Gn8Z2g/UDvDHi9d7xLbsEL","action":"Commit Request", "result":"", "context":Item count: 3
Contributing types: Preferences, Sessions}
{"logTime": "1102/152329", "correlationVector":"Gn8Z2g/UDvDHi9d7xLbsEL.1","action":"SyncServerConnectionManagerRequest", "result":"SYNC_SERVER_OK", "context":{"environment":"Prod_SoutheastAsia_000j", "migrationStage":"NotStarted", "server":"GENERAL0100000Y"}}
{"logTime": "1102/152329", "correlationVector":"Gn8Z2g/UDvDHi9d7xLbsEL.2","action":"Commit Response", "result":"SYNCER_OK", "context":Result: SYNCER_OK. cV=Gn8Z2g/UDvDHi9d7xLbsEL.0;server=GENERAL0100000Y;cloudType=Consumer;environment=Prod_SoutheastAsia_000j;migrationStage=NotStarted}
{"logTime": "1102/152359", "correlationVector":"0l7UbttOnH2cJw1Ai/MBe/","action":"Commit Request", "result":"", "context":Item count: 4
Contributing types: Sessions}
{"logTime": "1102/152400", "correlationVector":"0l7UbttOnH2cJw1Ai/MBe/.1","action":"SyncServerConnectionManagerRequest", "result":"SYNC_SERVER_OK", "context":{"environment":"Prod_SoutheastAsia_000j", "migrationStage":"NotStarted", "server":"GENERAL0100000G"}}
{"logTime": "1102/152400", "correlationVector":"0l7UbttOnH2cJw1Ai/MBe/.2","action":"Commit Response", "result":"SYNCER_OK", "context":Result: SYNCER_OK. cV=0l7UbttOnH2cJw1Ai/MBe/.0;server=GENERAL0100000G;cloudType=Consumer;environment=Prod_SoutheastAsia_000j;migrationStage=NotStarted}
{"logTime": "1102/152421", "correlationVector":"nmGRjypAHSE6SpnheIv1UA","action":"Normal GetUpdate request", "result":"", "context":cV=nmGRjypAHSE6SpnheIv1UA
Nudged types: Sessions
Notified types: Preferences}
{"logTime": "1102/152421", "correlationVector":"nmGRjypAHSE6SpnheIv1UA.1","action":"SyncServerConnectionManagerRequest", "result":"SYNC_SERVER_OK", "context":{"environment":"Prod_SoutheastAsia_000j", "migrationStage":"NotStarted", "server":"GENERAL0100001F"}}
{"logTime": "1102/152421", "correlationVector":"nmGRjypAHSE6SpnheIv1UA.2","action":"GetUpdates", "result":"DeleteReceived", "context":{"id":"caabf894-6510-4223-8fd1-cb54103b7526", "isDeleted:":"true", "version":"1698938502841"}}
{"logTime": "1102/152421", "correlationVector":"nmGRjypAHSE6SpnheIv1UA.3","action":"GetUpdates Response", "result":"SYNCER_OK", "context":Received 21 update(s). cV=nmGRjypAHSE6SpnheIv1UA.0;server=GENERAL0100001F;cloudType=Consumer;environment=Prod_SoutheastAsia_000j;migrationStage=NotStarted}
{"logTime": "1102/152421", "correlationVector":"tlbNKJyvpP7hDBx+CamVTl","action":"Commit Request", "result":"", "context":Item count: 3
Contributing types: Sessions}
{"logTime": "1102/152422", "correlationVector":"tlbNKJyvpP7hDBx+CamVTl.1","action":"SyncServerConnectionManagerRequest", "result":"SYNC_SERVER_OK", "context":{"environment":"Prod_SoutheastAsia_000j", "migrationStage":"NotStarted", "server":"GENERAL0100001F"}}
{"logTime": "1102/152422", "correlationVector":"tlbNKJyvpP7hDBx+CamVTl.2","action":"Commit Response", "result":"SYNCER_OK", "context":Result: SYNCER_OK. cV=tlbNKJyvpP7hDBx+CamVTl.0;server=GENERAL0100001F;cloudType=Consumer;environment=Prod_SoutheastAsia_000j;migrationStage=NotStarted}
{"logTime": "1102/152452", "correlationVector":"AbJoi9PN/ns1pjlaPmLZQ1","action":"Commit Request", "result":"", "context":Item count: 3
Contributing types: Sessions}
{"logTime": "1102/152452", "correlationVector":"AbJoi9PN/ns1pjlaPmLZQ1.1","action":"SyncServerConnectionManagerRequest", "result":"SYNC_SERVER_OK", "context":{"environment":"Prod_SoutheastAsia_000j", "migrationStage":"NotStarted", "server":"GENERAL01000015"}}
{"logTime": "1102/152452", "correlationVector":"AbJoi9PN/ns1pjlaPmLZQ1.2","action":"Commit Response", "result":"SYNCER_OK", "context":Result: SYNCER_OK. cV=AbJoi9PN/ns1pjlaPmLZQ1.0;server=GENERAL01000015;cloudType=Consumer;environment=Prod_SoutheastAsia_000j;migrationStage=NotStarted}
{"logTime": "1102/152526", "correlationVector":"rGeYPyqEi2LYQmV5taKn9m","action":"Commit Request", "result":"", "context":Item count: 3
Contributing types: Sessions}
{"logTime": "1102/152527", "correlationVector":"rGeYPyqEi2LYQmV5taKn9m.1","action":"SyncServerConnectionManagerRequest", "result":"SYNC_SERVER_OK", "context":{"environment":"Prod_SoutheastAsia_000j", "migrationStage":"NotStarted", "server":"GENERAL0100000Z"}}
{"logTime": "1102/152527", "correlationVector":"rGeYPyqEi2LYQmV5taKn9m.3","action":"Commit.Sessions", "result":"Success", "context":{"id":"3a934ab0-422f-4b53-8834-074749508393", "isDeleted":"true", "size":"0", "version":"1698938693628"}}
{"logTime": "1102/152527", "correlationVector":"rGeYPyqEi2LYQmV5taKn9m.2","action":"Commit Response", "result":"SYNCER_OK", "context":Result: SYNCER_OK. cV=rGeYPyqEi2LYQmV5taKn9m.0;server=GENERAL0100000Z;cloudType=Consumer;environment=Prod_SoutheastAsia_000j;migrationStage=NotStarted}
{"logTime": "1102/152603", "correlationVector":"ZoU2FQfqQi7oIpm0XLQY1N","action":"Commit Request", "result":"", "context":Item count: 1
Contributing types: Sessions}
{"logTime": "1102/152603", "correlationVector":"ZoU2FQfqQi7oIpm0XLQY1N.1","action":"SyncServerConnectionManagerRequest", "result":"SYNC_SERVER_OK", "context":{"environment":"Prod_SoutheastAsia_000j", "migrationStage":"NotStarted", "server":"GENERAL0100000V"}}
{"logTime": "1102/152603", "correlationVector":"ZoU2FQfqQi7oIpm0XLQY1N.2","action":"Commit Response", "result":"SYNCER_OK", "context":Result: SYNCER_OK. cV=ZoU2FQfqQi7oIpm0XLQY1N.0;server=GENERAL0100000V;cloudType=Consumer;environment=Prod_SoutheastAsia_000j;migrationStage=NotStarted}
{"logTime": "1102/152729", "correlationVector":"2OszvmAab5Jp7sNO2OHK7q","action":"Commit Request", "result":"", "context":Item count: 2
Contributing types: Preferences, Sessions}
{"logTime": "1102/152730", "correlationVector":"2OszvmAab5Jp7sNO2OHK7q.1","action":"SyncServerConnectionManagerRequest", "result":"SYNC_SERVER_OK", "context":{"environment":"Prod_SoutheastAsia_000j", "migrationStage":"NotStarted", "server":"GENERAL0100000S"}}
{"logTime": "1102/152730", "correlationVector":"2OszvmAab5Jp7sNO2OHK7q.2","action":"Commit Response", "result":"SYNCER_OK", "context":Result: SYNCER_OK. cV=2OszvmAab5Jp7sNO2OHK7q.0;server=GENERAL0100000S;cloudType=Consumer;environment=Prod_SoutheastAsia_000j;migrationStage=NotStarted}
{"logTime": "1102/152738", "correlationVector":"VENYAeWg0hJm5JfpNl34qb","action":"Normal GetUpdate request", "result":"", "context":cV=VENYAeWg0hJm5JfpNl34qb
Notified types: Preferences}
{"logTime": "1102/152739", "correlationVector":"VENYAeWg0hJm5JfpNl34qb.1","action":"SyncServerConnectionManagerRequest", "result":"SYNC_SERVER_OK", "context":{"environment":"Prod_SoutheastAsia_000j", "migrationStage":"NotStarted", "server":"GENERAL0100000I"}}
{"logTime": "1102/152739", "correlationVector":"VENYAeWg0hJm5JfpNl34qb.2","action":"GetUpdates", "result":"DeleteReceived", "context":{"id":"3a934ab0-422f-4b53-8834-074749508393", "isDeleted:":"true", "version":"1698938728009"}}
{"logTime": "1102/152739", "correlationVector":"VENYAeWg0hJm5JfpNl34qb.3","action":"GetUpdates Response", "result":"SYNCER_OK", "context":Received 5 update(s). cV=VENYAeWg0hJm5JfpNl34qb.0;server=GENERAL0100000I;cloudType=Consumer;environment=Prod_SoutheastAsia_000j;migrationStage=NotStarted}
{"logTime": "1102/152745", "correlationVector":"xpABqWvjX39+clkd0ix6CN","action":"Commit Request", "result":"", "context":Item count: 1
Contributing types: Preferences}
{"logTime": "1102/152746", "correlationVector":"xpABqWvjX39+clkd0ix6CN.1","action":"SyncServerConnectionManagerRequest", "result":"SYNC_SERVER_OK", "context":{"environment":"Prod_SoutheastAsia_000j", "migrationStage":"NotStarted", "server":"GENERAL0100001F"}}
{"logTime": "1102/152746", "correlationVector":"xpABqWvjX39+clkd0ix6CN.2","action":"Commit Response", "result":"SYNCER_OK", "context":Result: SYNCER_OK. cV=xpABqWvjX39+clkd0ix6CN.0;server=GENERAL0100001F;cloudType=Consumer;environment=Prod_SoutheastAsia_000j;migrationStage=NotStarted}
{"logTime": "1102/152810", "correlationVector":"a69fEvvCy54MbXemIPL8EA","action":"Normal GetUpdate request", "result":"", "context":cV=a69fEvvCy54MbXemIPL8EA
Nudged types: Sessions
Notified types: Preferences}
{"logTime": "1102/152810", "correlationVector":"a69fEvvCy54MbXemIPL8EA.1","action":"SyncServerConnectionManagerRequest", "result":"SYNC_SERVER_OK", "context":{"environment":"Prod_SoutheastAsia_000j", "migrationStage":"NotStarted", "server":"GENERAL0100000S"}}
{"logTime": "1102/152810", "correlationVector":"a69fEvvCy54MbXemIPL8EA.2","action":"GetUpdates Response", "result":"SYNCER_OK", "context":Received 1 update(s). cV=a69fEvvCy54MbXemIPL8EA.0;server=GENERAL0100000S;cloudType=Consumer;environment=Prod_SoutheastAsia_000j;migrationStage=NotStarted}
{"logTime": "1102/152810", "correlationVector":"Fjekj3l89Ku4odsv0VPr+K","action":"Commit Request", "result":"", "context":Item count: 1
Contributing types: Sessions}
{"logTime": "1102/152811", "correlationVector":"Fjekj3l89Ku4odsv0VPr+K.1","action":"SyncServerConnectionManagerRequest", "result":"SYNC_SERVER_OK", "context":{"environment":"Prod_SoutheastAsia_000j", "migrationStage":"NotStarted", "server":"GENERAL01000008"}}
{"logTime": "1102/152811", "correlationVector":"Fjekj3l89Ku4odsv0VPr+K.2","action":"Commit Response", "result":"SYNCER_OK", "context":Result: SYNCER_OK. cV=Fjekj3l89Ku4odsv0VPr+K.0;server=GENERAL01000008;cloudType=Consumer;environment=Prod_SoutheastAsia_000j;migrationStage=NotStarted}
